========= xsdata v24.4 / Python 3.11.1 / Platform win32 =========

Parsing schema file:///C:/Users/dsfaccini/projects/xsdata-epa/schemas/conn/SignatureService_V7_5_6.xsd
Parsing schema file:///C:/Users/dsfaccini/projects/xsdata-epa/schemas/ext/xmldsig-core-schema.xsd
Compiling schema file:///C:/Users/dsfaccini/projects/xsdata-epa/schemas/ext/xmldsig-core-schema.xsd
Builder: 49 main and 0 inner classes
Parsing schema file:///C:/Users/dsfaccini/projects/xsdata-epa/schemas/ext/oasis-dssx-1.0-profiles-sigpolicy-schema-cd01.xsd
Parsing schema file:///C:/Users/dsfaccini/projects/xsdata-epa/schemas/ext/XAdES.xsd
Compiling schema file:///C:/Users/dsfaccini/projects/xsdata-epa/schemas/ext/XAdES.xsd
Builder: 90 main and 0 inner classes
Parsing schema file:///C:/Users/dsfaccini/projects/xsdata-epa/schemas/ext/xml.xsd
Compiling schema file:///C:/Users/dsfaccini/projects/xsdata-epa/schemas/ext/xml.xsd
Builder: 4 main and 1 inner classes
Parsing schema file:///C:/Users/dsfaccini/projects/xsdata-epa/schemas/ext/oasis-dss-core-schema-v1.0-os.xsd
Parsing schema file:///C:/Users/dsfaccini/projects/xsdata-epa/schemas/ext/oasis-sstc-saml-schema-assertion-1.1.xsd
Compiling schema file:///C:/Users/dsfaccini/projects/xsdata-epa/schemas/ext/oasis-sstc-saml-schema-assertion-1.1.xsd
Builder: 46 main and 0 inner classes
Compiling schema file:///C:/Users/dsfaccini/projects/xsdata-epa/schemas/ext/oasis-dss-core-schema-v1.0-os.xsd
Builder: 75 main and 1 inner classes
Parsing schema file:///C:/Users/dsfaccini/projects/xsdata-epa/schemas/ext/oasis-dssx-1.0-profiles-vr-cd1.xsd
Parsing schema file:///C:/Users/dsfaccini/projects/xsdata-epa/schemas/ext/tsl.xsd
Compiling schema file:///C:/Users/dsfaccini/projects/xsdata-epa/schemas/ext/tsl.xsd
Builder: 71 main and 0 inner classes
Parsing schema file:///C:/Users/dsfaccini/projects/xsdata-epa/schemas/ext/saml-schema-assertion-2.0.xsd
Parsing schema file:///C:/Users/dsfaccini/projects/xsdata-epa/schemas/ext/xenc-schema.xsd
Compiling schema file:///C:/Users/dsfaccini/projects/xsdata-epa/schemas/ext/xenc-schema.xsd
Builder: 22 main and 0 inner classes
Compiling schema file:///C:/Users/dsfaccini/projects/xsdata-epa/schemas/ext/saml-schema-assertion-2.0.xsd
Builder: 58 main and 0 inner classes
Compiling schema file:///C:/Users/dsfaccini/projects/xsdata-epa/schemas/ext/oasis-dssx-1.0-profiles-vr-cd1.xsd
Builder: 51 main and 15 inner classes
Compiling schema file:///C:/Users/dsfaccini/projects/xsdata-epa/schemas/ext/oasis-dssx-1.0-profiles-sigpolicy-schema-cd01.xsd
Builder: 15 main and 0 inner classes
Parsing schema file:///C:/Users/dsfaccini/projects/xsdata-epa/schemas/conn/CertificateServiceCommon.xsd
Compiling schema file:///C:/Users/dsfaccini/projects/xsdata-epa/schemas/conn/CertificateServiceCommon.xsd
Builder: 7 main and 3 inner classes
Parsing schema file:///C:/Users/dsfaccini/projects/xsdata-epa/schemas/conn/ConnectorCommon.xsd
Parsing schema file:///C:/Users/dsfaccini/projects/xsdata-epa/schemas/tel/error/TelematikError.xsd
Compiling schema file:///C:/Users/dsfaccini/projects/xsdata-epa/schemas/tel/error/TelematikError.xsd
Builder: 1 main and 2 inner classes
Compiling schema file:///C:/Users/dsfaccini/projects/xsdata-epa/schemas/conn/ConnectorCommon.xsd
Builder: 25 main and 7 inner classes
Parsing schema file:///C:/Users/dsfaccini/projects/xsdata-epa/schemas/conn/ConnectorContext.xsd
Compiling schema file:///C:/Users/dsfaccini/projects/xsdata-epa/schemas/conn/ConnectorContext.xsd
Builder: 2 main and 0 inner classes
Compiling schema file:///C:/Users/dsfaccini/projects/xsdata-epa/schemas/conn/SignatureService_V7_5_6.xsd
Builder: 42 main and 15 inner classes
Compiling schema file:///C:/Users/dsfaccini/projects/xsdata-epa/schemas/conn/SignatureService_V7_5_6.wsdl
Analyzer input: 579 main and 72 inner classes
Analyzer output: 570 main and 62 inner classes
Generating package: init
Generating package: init
Generating package: init
Generating package: init
Generating package: init
Generating package: generated.ext.xmldsig_core_schema
Generating package: generated.ext.xad_es
Generating package: generated.ext.oasis_sstc_saml_schema_assertion_1_1
Generating package: generated.ext.oasis_dss_core_schema_v1_0_os
Generating package: generated.ext.tsl
Generating package: generated.ext.xenc_schema
Generating package: generated.ext.saml_schema_assertion_2_0
Generating package: generated.ext.oasis_dssx_1_0_profiles_vr_cd1
Generating package: generated.ext.oasis_dssx_1_0_profiles_sigpolicy_schema_cd01
Generating package: generated.conn.certificate_service_common
Generating package: generated.tel.error.telematik_error
Generating package: generated.conn.connector_common
Generating package: generated.conn.connector_context
Generating package: generated.conn.signature_service_v7_5_6
Traceback (most recent call last):
  File "<frozen runpy>", line 198, in _run_module_as_main
  File "<frozen runpy>", line 88, in _run_code
  File "C:\Users\dsfaccini\AppData\Local\Programs\Python\Python311\Scripts\xsdata.exe\__main__.py", line 7, in <module>
  File "C:\Users\dsfaccini\AppData\Local\Programs\Python\Python311\Lib\site-packages\xsdata\__main__.py", line 9, in main
    cli()
  File "C:\Users\dsfaccini\AppData\Local\Programs\Python\Python311\Lib\site-packages\click\core.py", line 1130, in __call__
    return self.main(*args, **kwargs)
           ^^^^^^^^^^^^^^^^^^^^^^^^^^
  File "C:\Users\dsfaccini\AppData\Local\Programs\Python\Python311\Lib\site-packages\click\core.py", line 1055, in main
    rv = self.invoke(ctx)
         ^^^^^^^^^^^^^^^^
  File "C:\Users\dsfaccini\AppData\Local\Programs\Python\Python311\Lib\site-packages\click\core.py", line 1657, in invoke
    return _process_result(sub_ctx.command.invoke(sub_ctx))
                           ^^^^^^^^^^^^^^^^^^^^^^^^^^^^^^^
  File "C:\Users\dsfaccini\AppData\Local\Programs\Python\Python311\Lib\site-packages\click\core.py", line 1404, in invoke
    return ctx.invoke(self.callback, **ctx.params)
           ^^^^^^^^^^^^^^^^^^^^^^^^^^^^^^^^^^^^^^^
  File "C:\Users\dsfaccini\AppData\Local\Programs\Python\Python311\Lib\site-packages\click\core.py", line 760, in invoke
    return __callback(*args, **kwargs)
           ^^^^^^^^^^^^^^^^^^^^^^^^^^^
  File "C:\Users\dsfaccini\AppData\Local\Programs\Python\Python311\Lib\site-packages\xsdata\cli.py", line 141, in generate
    transformer.process(uris, cache=cache)
  File "C:\Users\dsfaccini\AppData\Local\Programs\Python\Python311\Lib\site-packages\xsdata\codegen\transformer.py", line 140, in process
    self.process_classes()
  File "C:\Users\dsfaccini\AppData\Local\Programs\Python\Python311\Lib\site-packages\xsdata\codegen\transformer.py", line 293, in process_classes
    writer.write(classes)
  File "C:\Users\dsfaccini\AppData\Local\Programs\Python\Python311\Lib\site-packages\xsdata\codegen\writer.py", line 43, in write
    for result in self.generator.render(classes):
  File "C:\Users\dsfaccini\AppData\Local\Programs\Python\Python311\Lib\site-packages\xsdata\formats\dataclass\generator.py", line 89, in render
    self.validate_imports()
  File "C:\Users\dsfaccini\AppData\Local\Programs\Python\Python311\Lib\site-packages\xsdata\formats\dataclass\generator.py", line 110, in validate_imports
    import_package(self.package_name(package))
  File "C:\Users\dsfaccini\AppData\Local\Programs\Python\Python311\Lib\site-packages\xsdata\formats\dataclass\generator.py", line 106, in import_package
    importlib.import_module(name)
  File "C:\Users\dsfaccini\AppData\Local\Programs\Python\Python311\Lib\importlib\__init__.py", line 126, in import_module
    return _bootstrap._gcd_import(name[level:], package, level)
           ^^^^^^^^^^^^^^^^^^^^^^^^^^^^^^^^^^^^^^^^^^^^^^^^^^^^
  File "<frozen importlib._bootstrap>", line 1206, in _gcd_import
  File "<frozen importlib._bootstrap>", line 1178, in _find_and_load
  File "<frozen importlib._bootstrap>", line 1149, in _find_and_load_unlocked
  File "<frozen importlib._bootstrap>", line 690, in _load_unlocked
  File "<frozen importlib._bootstrap_external>", line 940, in exec_module
  File "<frozen importlib._bootstrap>", line 241, in _call_with_frames_removed
  File "C:\Users\dsfaccini\projects\xsdata-epa\generated\conn\__init__.py", line 1, in <module>
    from generated.conn.certificate_service_common import (
  File "C:\Users\dsfaccini\projects\xsdata-epa\generated\conn\certificate_service_common.py", line 58, in <module>
    class X509DataInfoListType:
  File "C:\Users\dsfaccini\projects\xsdata-epa\generated\conn\certificate_service_common.py", line 69, in X509DataInfoListType
    class X509DataInfo:
  File "C:\Users\dsfaccini\projects\xsdata-epa\generated\conn\certificate_service_common.py", line 88, in X509DataInfo
    @dataclass
     ^^^^^^^^^
  File "C:\Users\dsfaccini\AppData\Local\Programs\Python\Python311\Lib\dataclasses.py", line 1220, in dataclass
    return wrap(cls)
           ^^^^^^^^^
  File "C:\Users\dsfaccini\AppData\Local\Programs\Python\Python311\Lib\dataclasses.py", line 1210, in wrap
    return _process_class(cls, init, repr, eq, order, unsafe_hash,
           ^^^^^^^^^^^^^^^^^^^^^^^^^^^^^^^^^^^^^^^^^^^^^^^^^^^^^^^
  File "C:\Users\dsfaccini\AppData\Local\Programs\Python\Python311\Lib\dataclasses.py", line 1096, in _process_class
    str(inspect.signature(cls)).replace(' -> None', ''))
    ^^^^^^^^^^^^^^^^^^^^^^^^^^^
  File "C:\Users\dsfaccini\AppData\Local\Programs\Python\Python311\Lib\inspect.py", line 3235, in __str__
    formatted = str(param)
                ^^^^^^^^^^
  File "C:\Users\dsfaccini\AppData\Local\Programs\Python\Python311\Lib\inspect.py", line 2776, in __str__
    formatannotation(self._annotation))
    ^^^^^^^^^^^^^^^^^^^^^^^^^^^^^^^^^^
  File "C:\Users\dsfaccini\AppData\Local\Programs\Python\Python311\Lib\inspect.py", line 1454, in formatannotation
    return re.sub(r'[\w\.]+', repl, repr(annotation))
                                    ^^^^^^^^^^^^^^^^
  File "C:\Users\dsfaccini\AppData\Local\Programs\Python\Python311\Lib\typing.py", line 1643, in __repr__
    return f'typing.Optional[{_type_repr(args[0])}]'
                              ^^^^^^^^^^^^^^^^^^^
  File "C:\Users\dsfaccini\AppData\Local\Programs\Python\Python311\Lib\typing.py", line 242, in _type_repr
    return repr(obj)
           ^^^^^^^^^
  File "C:\Users\dsfaccini\AppData\Local\Programs\Python\Python311\Lib\dataclasses.py", line 284, in __repr__
    return ('Field('
            ^^^^^^^^
  File "C:\Users\dsfaccini\AppData\Local\Programs\Python\Python311\Lib\typing.py", line 1643, in __repr__
    return f'typing.Optional[{_type_repr(args[0])}]'
                              ^^^^^^^^^^^^^^^^^^^
  File "C:\Users\dsfaccini\AppData\Local\Programs\Python\Python311\Lib\typing.py", line 242, in _type_repr
    return repr(obj)
           ^^^^^^^^^
  File "C:\Users\dsfaccini\AppData\Local\Programs\Python\Python311\Lib\dataclasses.py", line 284, in __repr__
    return ('Field('
            ^^^^^^^^
  File "C:\Users\dsfaccini\AppData\Local\Programs\Python\Python311\Lib\typing.py", line 1643, in __repr__
    return f'typing.Optional[{_type_repr(args[0])}]'
                              ^^^^^^^^^^^^^^^^^^^
  File "C:\Users\dsfaccini\AppData\Local\Programs\Python\Python311\Lib\typing.py", line 242, in _type_repr
    return repr(obj)
           ^^^^^^^^^
  File "C:\Users\dsfaccini\AppData\Local\Programs\Python\Python311\Lib\dataclasses.py", line 284, in __repr__
    return ('Field('
            ^^^^^^^^
  File "C:\Users\dsfaccini\AppData\Local\Programs\Python\Python311\Lib\typing.py", line 1643, in __repr__
    return f'typing.Optional[{_type_repr(args[0])}]'
                              ^^^^^^^^^^^^^^^^^^^
  File "C:\Users\dsfaccini\AppData\Local\Programs\Python\Python311\Lib\typing.py", line 242, in _type_repr
    return repr(obj)
           ^^^^^^^^^
  File "C:\Users\dsfaccini\AppData\Local\Programs\Python\Python311\Lib\dataclasses.py", line 284, in __repr__
    return ('Field('
            ^^^^^^^^
  File "C:\Users\dsfaccini\AppData\Local\Programs\Python\Python311\Lib\typing.py", line 1643, in __repr__
    return f'typing.Optional[{_type_repr(args[0])}]'
                              ^^^^^^^^^^^^^^^^^^^
  File "C:\Users\dsfaccini\AppData\Local\Programs\Python\Python311\Lib\typing.py", line 242, in _type_repr
    return repr(obj)
           ^^^^^^^^^
  File "C:\Users\dsfaccini\AppData\Local\Programs\Python\Python311\Lib\dataclasses.py", line 284, in __repr__
    return ('Field('
            ^^^^^^^^
  File "C:\Users\dsfaccini\AppData\Local\Programs\Python\Python311\Lib\typing.py", line 1643, in __repr__
    return f'typing.Optional[{_type_repr(args[0])}]'
                              ^^^^^^^^^^^^^^^^^^^
  File "C:\Users\dsfaccini\AppData\Local\Programs\Python\Python311\Lib\typing.py", line 242, in _type_repr
    return repr(obj)
           ^^^^^^^^^
  File "C:\Users\dsfaccini\AppData\Local\Programs\Python\Python311\Lib\dataclasses.py", line 284, in __repr__
    return ('Field('
            ^^^^^^^^
  File "C:\Users\dsfaccini\AppData\Local\Programs\Python\Python311\Lib\typing.py", line 1643, in __repr__
    return f'typing.Optional[{_type_repr(args[0])}]'
                              ^^^^^^^^^^^^^^^^^^^
  File "C:\Users\dsfaccini\AppData\Local\Programs\Python\Python311\Lib\typing.py", line 242, in _type_repr
    return repr(obj)
           ^^^^^^^^^
  File "C:\Users\dsfaccini\AppData\Local\Programs\Python\Python311\Lib\dataclasses.py", line 284, in __repr__
    return ('Field('
            ^^^^^^^^
  File "C:\Users\dsfaccini\AppData\Local\Programs\Python\Python311\Lib\typing.py", line 1643, in __repr__
    return f'typing.Optional[{_type_repr(args[0])}]'
                              ^^^^^^^^^^^^^^^^^^^
  File "C:\Users\dsfaccini\AppData\Local\Programs\Python\Python311\Lib\typing.py", line 242, in _type_repr
    return repr(obj)
           ^^^^^^^^^
  File "C:\Users\dsfaccini\AppData\Local\Programs\Python\Python311\Lib\dataclasses.py", line 284, in __repr__
    return ('Field('
            ^^^^^^^^
  File "C:\Users\dsfaccini\AppData\Local\Programs\Python\Python311\Lib\typing.py", line 1643, in __repr__
    return f'typing.Optional[{_type_repr(args[0])}]'
                              ^^^^^^^^^^^^^^^^^^^
  File "C:\Users\dsfaccini\AppData\Local\Programs\Python\Python311\Lib\typing.py", line 242, in _type_repr
    return repr(obj)
           ^^^^^^^^^
  File "C:\Users\dsfaccini\AppData\Local\Programs\Python\Python311\Lib\dataclasses.py", line 284, in __repr__
    return ('Field('
            ^^^^^^^^
  File "C:\Users\dsfaccini\AppData\Local\Programs\Python\Python311\Lib\typing.py", line 1643, in __repr__
    return f'typing.Optional[{_type_repr(args[0])}]'
                              ^^^^^^^^^^^^^^^^^^^
  File "C:\Users\dsfaccini\AppData\Local\Programs\Python\Python311\Lib\typing.py", line 242, in _type_repr
    return repr(obj)
           ^^^^^^^^^
  File "C:\Users\dsfaccini\AppData\Local\Programs\Python\Python311\Lib\dataclasses.py", line 284, in __repr__
    return ('Field('
            ^^^^^^^^
  File "C:\Users\dsfaccini\AppData\Local\Programs\Python\Python311\Lib\typing.py", line 1643, in __repr__
    return f'typing.Optional[{_type_repr(args[0])}]'
                              ^^^^^^^^^^^^^^^^^^^
  File "C:\Users\dsfaccini\AppData\Local\Programs\Python\Python311\Lib\typing.py", line 242, in _type_repr
    return repr(obj)
           ^^^^^^^^^
  File "C:\Users\dsfaccini\AppData\Local\Programs\Python\Python311\Lib\dataclasses.py", line 284, in __repr__
    return ('Field('
            ^^^^^^^^
  File "C:\Users\dsfaccini\AppData\Local\Programs\Python\Python311\Lib\typing.py", line 1643, in __repr__
    return f'typing.Optional[{_type_repr(args[0])}]'
                              ^^^^^^^^^^^^^^^^^^^
  File "C:\Users\dsfaccini\AppData\Local\Programs\Python\Python311\Lib\typing.py", line 242, in _type_repr
    return repr(obj)
           ^^^^^^^^^
  File "C:\Users\dsfaccini\AppData\Local\Programs\Python\Python311\Lib\dataclasses.py", line 284, in __repr__
    return ('Field('
            ^^^^^^^^
  File "C:\Users\dsfaccini\AppData\Local\Programs\Python\Python311\Lib\typing.py", line 1643, in __repr__
    return f'typing.Optional[{_type_repr(args[0])}]'
                              ^^^^^^^^^^^^^^^^^^^
  File "C:\Users\dsfaccini\AppData\Local\Programs\Python\Python311\Lib\typing.py", line 242, in _type_repr
    return repr(obj)
           ^^^^^^^^^
  File "C:\Users\dsfaccini\AppData\Local\Programs\Python\Python311\Lib\dataclasses.py", line 284, in __repr__
    return ('Field('
            ^^^^^^^^
  File "C:\Users\dsfaccini\AppData\Local\Programs\Python\Python311\Lib\typing.py", line 1643, in __repr__
    return f'typing.Optional[{_type_repr(args[0])}]'
                              ^^^^^^^^^^^^^^^^^^^
  File "C:\Users\dsfaccini\AppData\Local\Programs\Python\Python311\Lib\typing.py", line 242, in _type_repr
    return repr(obj)
           ^^^^^^^^^
  File "C:\Users\dsfaccini\AppData\Local\Programs\Python\Python311\Lib\dataclasses.py", line 284, in __repr__
    return ('Field('
            ^^^^^^^^
  File "C:\Users\dsfaccini\AppData\Local\Programs\Python\Python311\Lib\typing.py", line 1643, in __repr__
    return f'typing.Optional[{_type_repr(args[0])}]'
                              ^^^^^^^^^^^^^^^^^^^
  File "C:\Users\dsfaccini\AppData\Local\Programs\Python\Python311\Lib\typing.py", line 242, in _type_repr
    return repr(obj)
           ^^^^^^^^^
  File "C:\Users\dsfaccini\AppData\Local\Programs\Python\Python311\Lib\dataclasses.py", line 284, in __repr__
    return ('Field('
            ^^^^^^^^
  File "C:\Users\dsfaccini\AppData\Local\Programs\Python\Python311\Lib\typing.py", line 1643, in __repr__
    return f'typing.Optional[{_type_repr(args[0])}]'
                              ^^^^^^^^^^^^^^^^^^^
  File "C:\Users\dsfaccini\AppData\Local\Programs\Python\Python311\Lib\typing.py", line 242, in _type_repr
    return repr(obj)
           ^^^^^^^^^
  File "C:\Users\dsfaccini\AppData\Local\Programs\Python\Python311\Lib\dataclasses.py", line 284, in __repr__
    return ('Field('
            ^^^^^^^^
  File "C:\Users\dsfaccini\AppData\Local\Programs\Python\Python311\Lib\typing.py", line 1643, in __repr__
    return f'typing.Optional[{_type_repr(args[0])}]'
                              ^^^^^^^^^^^^^^^^^^^
  File "C:\Users\dsfaccini\AppData\Local\Programs\Python\Python311\Lib\typing.py", line 242, in _type_repr
    return repr(obj)
           ^^^^^^^^^
  File "C:\Users\dsfaccini\AppData\Local\Programs\Python\Python311\Lib\dataclasses.py", line 284, in __repr__
    return ('Field('
            ^^^^^^^^
  File "C:\Users\dsfaccini\AppData\Local\Programs\Python\Python311\Lib\typing.py", line 1643, in __repr__
    return f'typing.Optional[{_type_repr(args[0])}]'
                              ^^^^^^^^^^^^^^^^^^^
  File "C:\Users\dsfaccini\AppData\Local\Programs\Python\Python311\Lib\typing.py", line 242, in _type_repr
    return repr(obj)
           ^^^^^^^^^
  File "C:\Users\dsfaccini\AppData\Local\Programs\Python\Python311\Lib\dataclasses.py", line 284, in __repr__
    return ('Field('
            ^^^^^^^^
  File "C:\Users\dsfaccini\AppData\Local\Programs\Python\Python311\Lib\typing.py", line 1643, in __repr__
    return f'typing.Optional[{_type_repr(args[0])}]'
                              ^^^^^^^^^^^^^^^^^^^
  File "C:\Users\dsfaccini\AppData\Local\Programs\Python\Python311\Lib\typing.py", line 242, in _type_repr
    return repr(obj)
           ^^^^^^^^^
  File "C:\Users\dsfaccini\AppData\Local\Programs\Python\Python311\Lib\dataclasses.py", line 284, in __repr__
    return ('Field('
            ^^^^^^^^
  File "C:\Users\dsfaccini\AppData\Local\Programs\Python\Python311\Lib\typing.py", line 1643, in __repr__
    return f'typing.Optional[{_type_repr(args[0])}]'
                              ^^^^^^^^^^^^^^^^^^^
  File "C:\Users\dsfaccini\AppData\Local\Programs\Python\Python311\Lib\typing.py", line 242, in _type_repr
    return repr(obj)
           ^^^^^^^^^
  File "C:\Users\dsfaccini\AppData\Local\Programs\Python\Python311\Lib\dataclasses.py", line 284, in __repr__
    return ('Field('
            ^^^^^^^^
  File "C:\Users\dsfaccini\AppData\Local\Programs\Python\Python311\Lib\typing.py", line 1643, in __repr__
    return f'typing.Optional[{_type_repr(args[0])}]'
                              ^^^^^^^^^^^^^^^^^^^
  File "C:\Users\dsfaccini\AppData\Local\Programs\Python\Python311\Lib\typing.py", line 242, in _type_repr
    return repr(obj)
           ^^^^^^^^^
  File "C:\Users\dsfaccini\AppData\Local\Programs\Python\Python311\Lib\dataclasses.py", line 284, in __repr__
    return ('Field('
            ^^^^^^^^
  File "C:\Users\dsfaccini\AppData\Local\Programs\Python\Python311\Lib\typing.py", line 1643, in __repr__
    return f'typing.Optional[{_type_repr(args[0])}]'
                              ^^^^^^^^^^^^^^^^^^^
  File "C:\Users\dsfaccini\AppData\Local\Programs\Python\Python311\Lib\typing.py", line 242, in _type_repr
    return repr(obj)
           ^^^^^^^^^
  File "C:\Users\dsfaccini\AppData\Local\Programs\Python\Python311\Lib\dataclasses.py", line 284, in __repr__
    return ('Field('
            ^^^^^^^^
  File "C:\Users\dsfaccini\AppData\Local\Programs\Python\Python311\Lib\typing.py", line 1643, in __repr__
    return f'typing.Optional[{_type_repr(args[0])}]'
                              ^^^^^^^^^^^^^^^^^^^
  File "C:\Users\dsfaccini\AppData\Local\Programs\Python\Python311\Lib\typing.py", line 242, in _type_repr
    return repr(obj)
           ^^^^^^^^^
  File "C:\Users\dsfaccini\AppData\Local\Programs\Python\Python311\Lib\dataclasses.py", line 284, in __repr__
    return ('Field('
            ^^^^^^^^
  File "C:\Users\dsfaccini\AppData\Local\Programs\Python\Python311\Lib\typing.py", line 1643, in __repr__
    return f'typing.Optional[{_type_repr(args[0])}]'
                              ^^^^^^^^^^^^^^^^^^^
  File "C:\Users\dsfaccini\AppData\Local\Programs\Python\Python311\Lib\typing.py", line 242, in _type_repr
    return repr(obj)
           ^^^^^^^^^
  File "C:\Users\dsfaccini\AppData\Local\Programs\Python\Python311\Lib\dataclasses.py", line 284, in __repr__
    return ('Field('
            ^^^^^^^^
  File "C:\Users\dsfaccini\AppData\Local\Programs\Python\Python311\Lib\typing.py", line 1643, in __repr__
    return f'typing.Optional[{_type_repr(args[0])}]'
                              ^^^^^^^^^^^^^^^^^^^
  File "C:\Users\dsfaccini\AppData\Local\Programs\Python\Python311\Lib\typing.py", line 242, in _type_repr
    return repr(obj)
           ^^^^^^^^^
  File "C:\Users\dsfaccini\AppData\Local\Programs\Python\Python311\Lib\dataclasses.py", line 284, in __repr__
    return ('Field('
            ^^^^^^^^
  File "C:\Users\dsfaccini\AppData\Local\Programs\Python\Python311\Lib\typing.py", line 1643, in __repr__
    return f'typing.Optional[{_type_repr(args[0])}]'
                              ^^^^^^^^^^^^^^^^^^^
  File "C:\Users\dsfaccini\AppData\Local\Programs\Python\Python311\Lib\typing.py", line 242, in _type_repr
    return repr(obj)
           ^^^^^^^^^
  File "C:\Users\dsfaccini\AppData\Local\Programs\Python\Python311\Lib\dataclasses.py", line 284, in __repr__
    return ('Field('
            ^^^^^^^^
  File "C:\Users\dsfaccini\AppData\Local\Programs\Python\Python311\Lib\typing.py", line 1643, in __repr__
    return f'typing.Optional[{_type_repr(args[0])}]'
                              ^^^^^^^^^^^^^^^^^^^
  File "C:\Users\dsfaccini\AppData\Local\Programs\Python\Python311\Lib\typing.py", line 242, in _type_repr
    return repr(obj)
           ^^^^^^^^^
  File "C:\Users\dsfaccini\AppData\Local\Programs\Python\Python311\Lib\dataclasses.py", line 284, in __repr__
    return ('Field('
            ^^^^^^^^
  File "C:\Users\dsfaccini\AppData\Local\Programs\Python\Python311\Lib\typing.py", line 1643, in __repr__
    return f'typing.Optional[{_type_repr(args[0])}]'
                              ^^^^^^^^^^^^^^^^^^^
  File "C:\Users\dsfaccini\AppData\Local\Programs\Python\Python311\Lib\typing.py", line 242, in _type_repr
    return repr(obj)
           ^^^^^^^^^
  File "C:\Users\dsfaccini\AppData\Local\Programs\Python\Python311\Lib\dataclasses.py", line 284, in __repr__
    return ('Field('
            ^^^^^^^^
  File "C:\Users\dsfaccini\AppData\Local\Programs\Python\Python311\Lib\typing.py", line 1643, in __repr__
    return f'typing.Optional[{_type_repr(args[0])}]'
                              ^^^^^^^^^^^^^^^^^^^
  File "C:\Users\dsfaccini\AppData\Local\Programs\Python\Python311\Lib\typing.py", line 242, in _type_repr
    return repr(obj)
           ^^^^^^^^^
  File "C:\Users\dsfaccini\AppData\Local\Programs\Python\Python311\Lib\dataclasses.py", line 284, in __repr__
    return ('Field('
            ^^^^^^^^
  File "C:\Users\dsfaccini\AppData\Local\Programs\Python\Python311\Lib\typing.py", line 1643, in __repr__
    return f'typing.Optional[{_type_repr(args[0])}]'
                              ^^^^^^^^^^^^^^^^^^^
  File "C:\Users\dsfaccini\AppData\Local\Programs\Python\Python311\Lib\typing.py", line 242, in _type_repr
    return repr(obj)
           ^^^^^^^^^
  File "C:\Users\dsfaccini\AppData\Local\Programs\Python\Python311\Lib\dataclasses.py", line 284, in __repr__
    return ('Field('
            ^^^^^^^^
  File "C:\Users\dsfaccini\AppData\Local\Programs\Python\Python311\Lib\typing.py", line 1643, in __repr__
    return f'typing.Optional[{_type_repr(args[0])}]'
                              ^^^^^^^^^^^^^^^^^^^
  File "C:\Users\dsfaccini\AppData\Local\Programs\Python\Python311\Lib\typing.py", line 242, in _type_repr
    return repr(obj)
           ^^^^^^^^^
  File "C:\Users\dsfaccini\AppData\Local\Programs\Python\Python311\Lib\dataclasses.py", line 284, in __repr__
    return ('Field('
            ^^^^^^^^
  File "C:\Users\dsfaccini\AppData\Local\Programs\Python\Python311\Lib\typing.py", line 1643, in __repr__
    return f'typing.Optional[{_type_repr(args[0])}]'
                              ^^^^^^^^^^^^^^^^^^^
  File "C:\Users\dsfaccini\AppData\Local\Programs\Python\Python311\Lib\typing.py", line 242, in _type_repr
    return repr(obj)
           ^^^^^^^^^
  File "C:\Users\dsfaccini\AppData\Local\Programs\Python\Python311\Lib\dataclasses.py", line 284, in __repr__
    return ('Field('
            ^^^^^^^^
  File "C:\Users\dsfaccini\AppData\Local\Programs\Python\Python311\Lib\typing.py", line 1643, in __repr__
    return f'typing.Optional[{_type_repr(args[0])}]'
                              ^^^^^^^^^^^^^^^^^^^
  File "C:\Users\dsfaccini\AppData\Local\Programs\Python\Python311\Lib\typing.py", line 242, in _type_repr
    return repr(obj)
           ^^^^^^^^^
  File "C:\Users\dsfaccini\AppData\Local\Programs\Python\Python311\Lib\dataclasses.py", line 284, in __repr__
    return ('Field('
            ^^^^^^^^
  File "C:\Users\dsfaccini\AppData\Local\Programs\Python\Python311\Lib\typing.py", line 1643, in __repr__
    return f'typing.Optional[{_type_repr(args[0])}]'
                              ^^^^^^^^^^^^^^^^^^^
  File "C:\Users\dsfaccini\AppData\Local\Programs\Python\Python311\Lib\typing.py", line 242, in _type_repr
    return repr(obj)
           ^^^^^^^^^
  File "C:\Users\dsfaccini\AppData\Local\Programs\Python\Python311\Lib\dataclasses.py", line 284, in __repr__
    return ('Field('
            ^^^^^^^^
  File "C:\Users\dsfaccini\AppData\Local\Programs\Python\Python311\Lib\typing.py", line 1643, in __repr__
    return f'typing.Optional[{_type_repr(args[0])}]'
                              ^^^^^^^^^^^^^^^^^^^
  File "C:\Users\dsfaccini\AppData\Local\Programs\Python\Python311\Lib\typing.py", line 242, in _type_repr
    return repr(obj)
           ^^^^^^^^^
  File "C:\Users\dsfaccini\AppData\Local\Programs\Python\Python311\Lib\dataclasses.py", line 284, in __repr__
    return ('Field('
            ^^^^^^^^
  File "C:\Users\dsfaccini\AppData\Local\Programs\Python\Python311\Lib\typing.py", line 1643, in __repr__
    return f'typing.Optional[{_type_repr(args[0])}]'
                              ^^^^^^^^^^^^^^^^^^^
  File "C:\Users\dsfaccini\AppData\Local\Programs\Python\Python311\Lib\typing.py", line 242, in _type_repr
    return repr(obj)
           ^^^^^^^^^
  File "C:\Users\dsfaccini\AppData\Local\Programs\Python\Python311\Lib\dataclasses.py", line 284, in __repr__
    return ('Field('
            ^^^^^^^^
  File "C:\Users\dsfaccini\AppData\Local\Programs\Python\Python311\Lib\typing.py", line 1643, in __repr__
    return f'typing.Optional[{_type_repr(args[0])}]'
                              ^^^^^^^^^^^^^^^^^^^
  File "C:\Users\dsfaccini\AppData\Local\Programs\Python\Python311\Lib\typing.py", line 242, in _type_repr
    return repr(obj)
           ^^^^^^^^^
  File "C:\Users\dsfaccini\AppData\Local\Programs\Python\Python311\Lib\dataclasses.py", line 284, in __repr__
    return ('Field('
            ^^^^^^^^
  File "C:\Users\dsfaccini\AppData\Local\Programs\Python\Python311\Lib\typing.py", line 1643, in __repr__
    return f'typing.Optional[{_type_repr(args[0])}]'
                              ^^^^^^^^^^^^^^^^^^^
  File "C:\Users\dsfaccini\AppData\Local\Programs\Python\Python311\Lib\typing.py", line 242, in _type_repr
    return repr(obj)
           ^^^^^^^^^
  File "C:\Users\dsfaccini\AppData\Local\Programs\Python\Python311\Lib\dataclasses.py", line 284, in __repr__
    return ('Field('
            ^^^^^^^^
  File "C:\Users\dsfaccini\AppData\Local\Programs\Python\Python311\Lib\typing.py", line 1643, in __repr__
    return f'typing.Optional[{_type_repr(args[0])}]'
                              ^^^^^^^^^^^^^^^^^^^
  File "C:\Users\dsfaccini\AppData\Local\Programs\Python\Python311\Lib\typing.py", line 242, in _type_repr
    return repr(obj)
           ^^^^^^^^^
  File "C:\Users\dsfaccini\AppData\Local\Programs\Python\Python311\Lib\dataclasses.py", line 284, in __repr__
    return ('Field('
            ^^^^^^^^
  File "C:\Users\dsfaccini\AppData\Local\Programs\Python\Python311\Lib\typing.py", line 1643, in __repr__
    return f'typing.Optional[{_type_repr(args[0])}]'
                              ^^^^^^^^^^^^^^^^^^^
  File "C:\Users\dsfaccini\AppData\Local\Programs\Python\Python311\Lib\typing.py", line 242, in _type_repr
    return repr(obj)
           ^^^^^^^^^
  File "C:\Users\dsfaccini\AppData\Local\Programs\Python\Python311\Lib\dataclasses.py", line 284, in __repr__
    return ('Field('
            ^^^^^^^^
  File "C:\Users\dsfaccini\AppData\Local\Programs\Python\Python311\Lib\typing.py", line 1643, in __repr__
    return f'typing.Optional[{_type_repr(args[0])}]'
                              ^^^^^^^^^^^^^^^^^^^
  File "C:\Users\dsfaccini\AppData\Local\Programs\Python\Python311\Lib\typing.py", line 242, in _type_repr
    return repr(obj)
           ^^^^^^^^^
  File "C:\Users\dsfaccini\AppData\Local\Programs\Python\Python311\Lib\dataclasses.py", line 284, in __repr__
    return ('Field('
            ^^^^^^^^
  File "C:\Users\dsfaccini\AppData\Local\Programs\Python\Python311\Lib\typing.py", line 1643, in __repr__
    return f'typing.Optional[{_type_repr(args[0])}]'
                              ^^^^^^^^^^^^^^^^^^^
  File "C:\Users\dsfaccini\AppData\Local\Programs\Python\Python311\Lib\typing.py", line 242, in _type_repr
    return repr(obj)
           ^^^^^^^^^
  File "C:\Users\dsfaccini\AppData\Local\Programs\Python\Python311\Lib\dataclasses.py", line 284, in __repr__
    return ('Field('
            ^^^^^^^^
  File "C:\Users\dsfaccini\AppData\Local\Programs\Python\Python311\Lib\typing.py", line 1643, in __repr__
    return f'typing.Optional[{_type_repr(args[0])}]'
                              ^^^^^^^^^^^^^^^^^^^
  File "C:\Users\dsfaccini\AppData\Local\Programs\Python\Python311\Lib\typing.py", line 242, in _type_repr
    return repr(obj)
           ^^^^^^^^^
  File "C:\Users\dsfaccini\AppData\Local\Programs\Python\Python311\Lib\dataclasses.py", line 284, in __repr__
    return ('Field('
            ^^^^^^^^
  File "C:\Users\dsfaccini\AppData\Local\Programs\Python\Python311\Lib\typing.py", line 1643, in __repr__
    return f'typing.Optional[{_type_repr(args[0])}]'
                              ^^^^^^^^^^^^^^^^^^^
  File "C:\Users\dsfaccini\AppData\Local\Programs\Python\Python311\Lib\typing.py", line 242, in _type_repr
    return repr(obj)
           ^^^^^^^^^
  File "C:\Users\dsfaccini\AppData\Local\Programs\Python\Python311\Lib\dataclasses.py", line 284, in __repr__
    return ('Field('
            ^^^^^^^^
  File "C:\Users\dsfaccini\AppData\Local\Programs\Python\Python311\Lib\typing.py", line 1643, in __repr__
    return f'typing.Optional[{_type_repr(args[0])}]'
                              ^^^^^^^^^^^^^^^^^^^
  File "C:\Users\dsfaccini\AppData\Local\Programs\Python\Python311\Lib\typing.py", line 242, in _type_repr
    return repr(obj)
           ^^^^^^^^^
  File "C:\Users\dsfaccini\AppData\Local\Programs\Python\Python311\Lib\dataclasses.py", line 284, in __repr__
    return ('Field('
            ^^^^^^^^
  File "C:\Users\dsfaccini\AppData\Local\Programs\Python\Python311\Lib\typing.py", line 1643, in __repr__
    return f'typing.Optional[{_type_repr(args[0])}]'
                              ^^^^^^^^^^^^^^^^^^^
  File "C:\Users\dsfaccini\AppData\Local\Programs\Python\Python311\Lib\typing.py", line 242, in _type_repr
    return repr(obj)
           ^^^^^^^^^
  File "C:\Users\dsfaccini\AppData\Local\Programs\Python\Python311\Lib\dataclasses.py", line 284, in __repr__
    return ('Field('
            ^^^^^^^^
  File "C:\Users\dsfaccini\AppData\Local\Programs\Python\Python311\Lib\typing.py", line 1643, in __repr__
    return f'typing.Optional[{_type_repr(args[0])}]'
                              ^^^^^^^^^^^^^^^^^^^
  File "C:\Users\dsfaccini\AppData\Local\Programs\Python\Python311\Lib\typing.py", line 242, in _type_repr
    return repr(obj)
           ^^^^^^^^^
  File "C:\Users\dsfaccini\AppData\Local\Programs\Python\Python311\Lib\dataclasses.py", line 284, in __repr__
    return ('Field('
            ^^^^^^^^
  File "C:\Users\dsfaccini\AppData\Local\Programs\Python\Python311\Lib\typing.py", line 1643, in __repr__
    return f'typing.Optional[{_type_repr(args[0])}]'
                              ^^^^^^^^^^^^^^^^^^^
  File "C:\Users\dsfaccini\AppData\Local\Programs\Python\Python311\Lib\typing.py", line 242, in _type_repr
    return repr(obj)
           ^^^^^^^^^
  File "C:\Users\dsfaccini\AppData\Local\Programs\Python\Python311\Lib\dataclasses.py", line 284, in __repr__
    return ('Field('
            ^^^^^^^^
  File "C:\Users\dsfaccini\AppData\Local\Programs\Python\Python311\Lib\typing.py", line 1643, in __repr__
    return f'typing.Optional[{_type_repr(args[0])}]'
                              ^^^^^^^^^^^^^^^^^^^
  File "C:\Users\dsfaccini\AppData\Local\Programs\Python\Python311\Lib\typing.py", line 242, in _type_repr
    return repr(obj)
           ^^^^^^^^^
  File "C:\Users\dsfaccini\AppData\Local\Programs\Python\Python311\Lib\dataclasses.py", line 284, in __repr__
    return ('Field('
            ^^^^^^^^
  File "C:\Users\dsfaccini\AppData\Local\Programs\Python\Python311\Lib\typing.py", line 1643, in __repr__
    return f'typing.Optional[{_type_repr(args[0])}]'
                              ^^^^^^^^^^^^^^^^^^^
  File "C:\Users\dsfaccini\AppData\Local\Programs\Python\Python311\Lib\typing.py", line 242, in _type_repr
    return repr(obj)
           ^^^^^^^^^
  File "C:\Users\dsfaccini\AppData\Local\Programs\Python\Python311\Lib\dataclasses.py", line 284, in __repr__
    return ('Field('
            ^^^^^^^^
  File "C:\Users\dsfaccini\AppData\Local\Programs\Python\Python311\Lib\typing.py", line 1643, in __repr__
    return f'typing.Optional[{_type_repr(args[0])}]'
                              ^^^^^^^^^^^^^^^^^^^
  File "C:\Users\dsfaccini\AppData\Local\Programs\Python\Python311\Lib\typing.py", line 242, in _type_repr
    return repr(obj)
           ^^^^^^^^^
  File "C:\Users\dsfaccini\AppData\Local\Programs\Python\Python311\Lib\dataclasses.py", line 284, in __repr__
    return ('Field('
            ^^^^^^^^
  File "C:\Users\dsfaccini\AppData\Local\Programs\Python\Python311\Lib\typing.py", line 1643, in __repr__
    return f'typing.Optional[{_type_repr(args[0])}]'
                              ^^^^^^^^^^^^^^^^^^^
  File "C:\Users\dsfaccini\AppData\Local\Programs\Python\Python311\Lib\typing.py", line 242, in _type_repr
    return repr(obj)
           ^^^^^^^^^
  File "C:\Users\dsfaccini\AppData\Local\Programs\Python\Python311\Lib\dataclasses.py", line 284, in __repr__
    return ('Field('
            ^^^^^^^^
  File "C:\Users\dsfaccini\AppData\Local\Programs\Python\Python311\Lib\typing.py", line 1643, in __repr__
    return f'typing.Optional[{_type_repr(args[0])}]'
                              ^^^^^^^^^^^^^^^^^^^
  File "C:\Users\dsfaccini\AppData\Local\Programs\Python\Python311\Lib\typing.py", line 242, in _type_repr
    return repr(obj)
           ^^^^^^^^^
  File "C:\Users\dsfaccini\AppData\Local\Programs\Python\Python311\Lib\dataclasses.py", line 284, in __repr__
    return ('Field('
            ^^^^^^^^
  File "C:\Users\dsfaccini\AppData\Local\Programs\Python\Python311\Lib\typing.py", line 1643, in __repr__
    return f'typing.Optional[{_type_repr(args[0])}]'
                              ^^^^^^^^^^^^^^^^^^^
  File "C:\Users\dsfaccini\AppData\Local\Programs\Python\Python311\Lib\typing.py", line 242, in _type_repr
    return repr(obj)
           ^^^^^^^^^
  File "C:\Users\dsfaccini\AppData\Local\Programs\Python\Python311\Lib\dataclasses.py", line 284, in __repr__
    return ('Field('
            ^^^^^^^^
  File "C:\Users\dsfaccini\AppData\Local\Programs\Python\Python311\Lib\typing.py", line 1643, in __repr__
    return f'typing.Optional[{_type_repr(args[0])}]'
                              ^^^^^^^^^^^^^^^^^^^
  File "C:\Users\dsfaccini\AppData\Local\Programs\Python\Python311\Lib\typing.py", line 242, in _type_repr
    return repr(obj)
           ^^^^^^^^^
  File "C:\Users\dsfaccini\AppData\Local\Programs\Python\Python311\Lib\dataclasses.py", line 284, in __repr__
    return ('Field('
            ^^^^^^^^
  File "C:\Users\dsfaccini\AppData\Local\Programs\Python\Python311\Lib\typing.py", line 1643, in __repr__
    return f'typing.Optional[{_type_repr(args[0])}]'
                              ^^^^^^^^^^^^^^^^^^^
  File "C:\Users\dsfaccini\AppData\Local\Programs\Python\Python311\Lib\typing.py", line 242, in _type_repr
    return repr(obj)
           ^^^^^^^^^
  File "C:\Users\dsfaccini\AppData\Local\Programs\Python\Python311\Lib\dataclasses.py", line 284, in __repr__
    return ('Field('
            ^^^^^^^^
  File "C:\Users\dsfaccini\AppData\Local\Programs\Python\Python311\Lib\typing.py", line 1643, in __repr__
    return f'typing.Optional[{_type_repr(args[0])}]'
                              ^^^^^^^^^^^^^^^^^^^
  File "C:\Users\dsfaccini\AppData\Local\Programs\Python\Python311\Lib\typing.py", line 242, in _type_repr
    return repr(obj)
           ^^^^^^^^^
  File "C:\Users\dsfaccini\AppData\Local\Programs\Python\Python311\Lib\dataclasses.py", line 284, in __repr__
    return ('Field('
            ^^^^^^^^
  File "C:\Users\dsfaccini\AppData\Local\Programs\Python\Python311\Lib\typing.py", line 1643, in __repr__
    return f'typing.Optional[{_type_repr(args[0])}]'
                              ^^^^^^^^^^^^^^^^^^^
  File "C:\Users\dsfaccini\AppData\Local\Programs\Python\Python311\Lib\typing.py", line 242, in _type_repr
    return repr(obj)
           ^^^^^^^^^
  File "C:\Users\dsfaccini\AppData\Local\Programs\Python\Python311\Lib\dataclasses.py", line 284, in __repr__
    return ('Field('
            ^^^^^^^^
  File "C:\Users\dsfaccini\AppData\Local\Programs\Python\Python311\Lib\typing.py", line 1643, in __repr__
    return f'typing.Optional[{_type_repr(args[0])}]'
                              ^^^^^^^^^^^^^^^^^^^
  File "C:\Users\dsfaccini\AppData\Local\Programs\Python\Python311\Lib\typing.py", line 242, in _type_repr
    return repr(obj)
           ^^^^^^^^^
  File "C:\Users\dsfaccini\AppData\Local\Programs\Python\Python311\Lib\dataclasses.py", line 284, in __repr__
    return ('Field('
            ^^^^^^^^
  File "C:\Users\dsfaccini\AppData\Local\Programs\Python\Python311\Lib\typing.py", line 1643, in __repr__
    return f'typing.Optional[{_type_repr(args[0])}]'
                              ^^^^^^^^^^^^^^^^^^^
  File "C:\Users\dsfaccini\AppData\Local\Programs\Python\Python311\Lib\typing.py", line 242, in _type_repr
    return repr(obj)
           ^^^^^^^^^
  File "C:\Users\dsfaccini\AppData\Local\Programs\Python\Python311\Lib\dataclasses.py", line 284, in __repr__
    return ('Field('
            ^^^^^^^^
  File "C:\Users\dsfaccini\AppData\Local\Programs\Python\Python311\Lib\typing.py", line 1643, in __repr__
    return f'typing.Optional[{_type_repr(args[0])}]'
                              ^^^^^^^^^^^^^^^^^^^
  File "C:\Users\dsfaccini\AppData\Local\Programs\Python\Python311\Lib\typing.py", line 242, in _type_repr
    return repr(obj)
           ^^^^^^^^^
  File "C:\Users\dsfaccini\AppData\Local\Programs\Python\Python311\Lib\dataclasses.py", line 284, in __repr__
    return ('Field('
            ^^^^^^^^
  File "C:\Users\dsfaccini\AppData\Local\Programs\Python\Python311\Lib\typing.py", line 1643, in __repr__
    return f'typing.Optional[{_type_repr(args[0])}]'
                              ^^^^^^^^^^^^^^^^^^^
  File "C:\Users\dsfaccini\AppData\Local\Programs\Python\Python311\Lib\typing.py", line 242, in _type_repr
    return repr(obj)
           ^^^^^^^^^
  File "C:\Users\dsfaccini\AppData\Local\Programs\Python\Python311\Lib\dataclasses.py", line 284, in __repr__
    return ('Field('
            ^^^^^^^^
  File "C:\Users\dsfaccini\AppData\Local\Programs\Python\Python311\Lib\typing.py", line 1643, in __repr__
    return f'typing.Optional[{_type_repr(args[0])}]'
                              ^^^^^^^^^^^^^^^^^^^
  File "C:\Users\dsfaccini\AppData\Local\Programs\Python\Python311\Lib\typing.py", line 242, in _type_repr
    return repr(obj)
           ^^^^^^^^^
  File "C:\Users\dsfaccini\AppData\Local\Programs\Python\Python311\Lib\dataclasses.py", line 284, in __repr__
    return ('Field('
            ^^^^^^^^
  File "C:\Users\dsfaccini\AppData\Local\Programs\Python\Python311\Lib\typing.py", line 1643, in __repr__
    return f'typing.Optional[{_type_repr(args[0])}]'
                              ^^^^^^^^^^^^^^^^^^^
  File "C:\Users\dsfaccini\AppData\Local\Programs\Python\Python311\Lib\typing.py", line 242, in _type_repr
    return repr(obj)
           ^^^^^^^^^
  File "C:\Users\dsfaccini\AppData\Local\Programs\Python\Python311\Lib\dataclasses.py", line 284, in __repr__
    return ('Field('
            ^^^^^^^^
  File "C:\Users\dsfaccini\AppData\Local\Programs\Python\Python311\Lib\typing.py", line 1643, in __repr__
    return f'typing.Optional[{_type_repr(args[0])}]'
                              ^^^^^^^^^^^^^^^^^^^
  File "C:\Users\dsfaccini\AppData\Local\Programs\Python\Python311\Lib\typing.py", line 242, in _type_repr
    return repr(obj)
           ^^^^^^^^^
  File "C:\Users\dsfaccini\AppData\Local\Programs\Python\Python311\Lib\dataclasses.py", line 284, in __repr__
    return ('Field('
            ^^^^^^^^
  File "C:\Users\dsfaccini\AppData\Local\Programs\Python\Python311\Lib\typing.py", line 1643, in __repr__
    return f'typing.Optional[{_type_repr(args[0])}]'
                              ^^^^^^^^^^^^^^^^^^^
  File "C:\Users\dsfaccini\AppData\Local\Programs\Python\Python311\Lib\typing.py", line 242, in _type_repr
    return repr(obj)
           ^^^^^^^^^
  File "C:\Users\dsfaccini\AppData\Local\Programs\Python\Python311\Lib\dataclasses.py", line 284, in __repr__
    return ('Field('
            ^^^^^^^^
  File "C:\Users\dsfaccini\AppData\Local\Programs\Python\Python311\Lib\typing.py", line 1643, in __repr__
    return f'typing.Optional[{_type_repr(args[0])}]'
                              ^^^^^^^^^^^^^^^^^^^
  File "C:\Users\dsfaccini\AppData\Local\Programs\Python\Python311\Lib\typing.py", line 242, in _type_repr
    return repr(obj)
           ^^^^^^^^^
  File "C:\Users\dsfaccini\AppData\Local\Programs\Python\Python311\Lib\dataclasses.py", line 284, in __repr__
    return ('Field('
            ^^^^^^^^
  File "C:\Users\dsfaccini\AppData\Local\Programs\Python\Python311\Lib\typing.py", line 1643, in __repr__
    return f'typing.Optional[{_type_repr(args[0])}]'
                              ^^^^^^^^^^^^^^^^^^^
  File "C:\Users\dsfaccini\AppData\Local\Programs\Python\Python311\Lib\typing.py", line 242, in _type_repr
    return repr(obj)
           ^^^^^^^^^
  File "C:\Users\dsfaccini\AppData\Local\Programs\Python\Python311\Lib\dataclasses.py", line 284, in __repr__
    return ('Field('
            ^^^^^^^^
  File "C:\Users\dsfaccini\AppData\Local\Programs\Python\Python311\Lib\typing.py", line 1643, in __repr__
    return f'typing.Optional[{_type_repr(args[0])}]'
                              ^^^^^^^^^^^^^^^^^^^
  File "C:\Users\dsfaccini\AppData\Local\Programs\Python\Python311\Lib\typing.py", line 242, in _type_repr
    return repr(obj)
           ^^^^^^^^^
  File "C:\Users\dsfaccini\AppData\Local\Programs\Python\Python311\Lib\dataclasses.py", line 284, in __repr__
    return ('Field('
            ^^^^^^^^
  File "C:\Users\dsfaccini\AppData\Local\Programs\Python\Python311\Lib\typing.py", line 1643, in __repr__
    return f'typing.Optional[{_type_repr(args[0])}]'
                              ^^^^^^^^^^^^^^^^^^^
  File "C:\Users\dsfaccini\AppData\Local\Programs\Python\Python311\Lib\typing.py", line 242, in _type_repr
    return repr(obj)
           ^^^^^^^^^
  File "C:\Users\dsfaccini\AppData\Local\Programs\Python\Python311\Lib\dataclasses.py", line 284, in __repr__
    return ('Field('
            ^^^^^^^^
  File "C:\Users\dsfaccini\AppData\Local\Programs\Python\Python311\Lib\typing.py", line 1643, in __repr__
    return f'typing.Optional[{_type_repr(args[0])}]'
                              ^^^^^^^^^^^^^^^^^^^
  File "C:\Users\dsfaccini\AppData\Local\Programs\Python\Python311\Lib\typing.py", line 242, in _type_repr
    return repr(obj)
           ^^^^^^^^^
  File "C:\Users\dsfaccini\AppData\Local\Programs\Python\Python311\Lib\dataclasses.py", line 284, in __repr__
    return ('Field('
            ^^^^^^^^
  File "C:\Users\dsfaccini\AppData\Local\Programs\Python\Python311\Lib\typing.py", line 1643, in __repr__
    return f'typing.Optional[{_type_repr(args[0])}]'
                              ^^^^^^^^^^^^^^^^^^^
  File "C:\Users\dsfaccini\AppData\Local\Programs\Python\Python311\Lib\typing.py", line 242, in _type_repr
    return repr(obj)
           ^^^^^^^^^
  File "C:\Users\dsfaccini\AppData\Local\Programs\Python\Python311\Lib\dataclasses.py", line 284, in __repr__
    return ('Field('
            ^^^^^^^^
  File "C:\Users\dsfaccini\AppData\Local\Programs\Python\Python311\Lib\typing.py", line 1643, in __repr__
    return f'typing.Optional[{_type_repr(args[0])}]'
                              ^^^^^^^^^^^^^^^^^^^
  File "C:\Users\dsfaccini\AppData\Local\Programs\Python\Python311\Lib\typing.py", line 242, in _type_repr
    return repr(obj)
           ^^^^^^^^^
  File "C:\Users\dsfaccini\AppData\Local\Programs\Python\Python311\Lib\dataclasses.py", line 284, in __repr__
    return ('Field('
            ^^^^^^^^
  File "C:\Users\dsfaccini\AppData\Local\Programs\Python\Python311\Lib\typing.py", line 1643, in __repr__
    return f'typing.Optional[{_type_repr(args[0])}]'
                              ^^^^^^^^^^^^^^^^^^^
  File "C:\Users\dsfaccini\AppData\Local\Programs\Python\Python311\Lib\typing.py", line 242, in _type_repr
    return repr(obj)
           ^^^^^^^^^
  File "C:\Users\dsfaccini\AppData\Local\Programs\Python\Python311\Lib\dataclasses.py", line 284, in __repr__
    return ('Field('
            ^^^^^^^^
  File "C:\Users\dsfaccini\AppData\Local\Programs\Python\Python311\Lib\typing.py", line 1643, in __repr__
    return f'typing.Optional[{_type_repr(args[0])}]'
                              ^^^^^^^^^^^^^^^^^^^
  File "C:\Users\dsfaccini\AppData\Local\Programs\Python\Python311\Lib\typing.py", line 242, in _type_repr
    return repr(obj)
           ^^^^^^^^^
  File "C:\Users\dsfaccini\AppData\Local\Programs\Python\Python311\Lib\dataclasses.py", line 284, in __repr__
    return ('Field('
            ^^^^^^^^
  File "C:\Users\dsfaccini\AppData\Local\Programs\Python\Python311\Lib\typing.py", line 1643, in __repr__
    return f'typing.Optional[{_type_repr(args[0])}]'
                              ^^^^^^^^^^^^^^^^^^^
  File "C:\Users\dsfaccini\AppData\Local\Programs\Python\Python311\Lib\typing.py", line 242, in _type_repr
    return repr(obj)
           ^^^^^^^^^
  File "C:\Users\dsfaccini\AppData\Local\Programs\Python\Python311\Lib\dataclasses.py", line 284, in __repr__
    return ('Field('
            ^^^^^^^^
  File "C:\Users\dsfaccini\AppData\Local\Programs\Python\Python311\Lib\typing.py", line 1643, in __repr__
    return f'typing.Optional[{_type_repr(args[0])}]'
                              ^^^^^^^^^^^^^^^^^^^
  File "C:\Users\dsfaccini\AppData\Local\Programs\Python\Python311\Lib\typing.py", line 242, in _type_repr
    return repr(obj)
           ^^^^^^^^^
  File "C:\Users\dsfaccini\AppData\Local\Programs\Python\Python311\Lib\dataclasses.py", line 284, in __repr__
    return ('Field('
            ^^^^^^^^
  File "C:\Users\dsfaccini\AppData\Local\Programs\Python\Python311\Lib\typing.py", line 1643, in __repr__
    return f'typing.Optional[{_type_repr(args[0])}]'
                              ^^^^^^^^^^^^^^^^^^^
  File "C:\Users\dsfaccini\AppData\Local\Programs\Python\Python311\Lib\typing.py", line 242, in _type_repr
    return repr(obj)
           ^^^^^^^^^
  File "C:\Users\dsfaccini\AppData\Local\Programs\Python\Python311\Lib\dataclasses.py", line 284, in __repr__
    return ('Field('
            ^^^^^^^^
  File "C:\Users\dsfaccini\AppData\Local\Programs\Python\Python311\Lib\typing.py", line 1643, in __repr__
    return f'typing.Optional[{_type_repr(args[0])}]'
                              ^^^^^^^^^^^^^^^^^^^
  File "C:\Users\dsfaccini\AppData\Local\Programs\Python\Python311\Lib\typing.py", line 242, in _type_repr
    return repr(obj)
           ^^^^^^^^^
  File "C:\Users\dsfaccini\AppData\Local\Programs\Python\Python311\Lib\dataclasses.py", line 284, in __repr__
    return ('Field('
            ^^^^^^^^
  File "C:\Users\dsfaccini\AppData\Local\Programs\Python\Python311\Lib\typing.py", line 1643, in __repr__
    return f'typing.Optional[{_type_repr(args[0])}]'
                              ^^^^^^^^^^^^^^^^^^^
  File "C:\Users\dsfaccini\AppData\Local\Programs\Python\Python311\Lib\typing.py", line 242, in _type_repr
    return repr(obj)
           ^^^^^^^^^
  File "C:\Users\dsfaccini\AppData\Local\Programs\Python\Python311\Lib\dataclasses.py", line 284, in __repr__
    return ('Field('
            ^^^^^^^^
  File "C:\Users\dsfaccini\AppData\Local\Programs\Python\Python311\Lib\typing.py", line 1643, in __repr__
    return f'typing.Optional[{_type_repr(args[0])}]'
                              ^^^^^^^^^^^^^^^^^^^
  File "C:\Users\dsfaccini\AppData\Local\Programs\Python\Python311\Lib\typing.py", line 242, in _type_repr
    return repr(obj)
           ^^^^^^^^^
  File "C:\Users\dsfaccini\AppData\Local\Programs\Python\Python311\Lib\dataclasses.py", line 284, in __repr__
    return ('Field('
            ^^^^^^^^
  File "C:\Users\dsfaccini\AppData\Local\Programs\Python\Python311\Lib\typing.py", line 1643, in __repr__
    return f'typing.Optional[{_type_repr(args[0])}]'
                              ^^^^^^^^^^^^^^^^^^^
  File "C:\Users\dsfaccini\AppData\Local\Programs\Python\Python311\Lib\typing.py", line 242, in _type_repr
    return repr(obj)
           ^^^^^^^^^
  File "C:\Users\dsfaccini\AppData\Local\Programs\Python\Python311\Lib\dataclasses.py", line 284, in __repr__
    return ('Field('
            ^^^^^^^^
  File "C:\Users\dsfaccini\AppData\Local\Programs\Python\Python311\Lib\typing.py", line 1643, in __repr__
    return f'typing.Optional[{_type_repr(args[0])}]'
                              ^^^^^^^^^^^^^^^^^^^
  File "C:\Users\dsfaccini\AppData\Local\Programs\Python\Python311\Lib\typing.py", line 242, in _type_repr
    return repr(obj)
           ^^^^^^^^^
  File "C:\Users\dsfaccini\AppData\Local\Programs\Python\Python311\Lib\dataclasses.py", line 284, in __repr__
    return ('Field('
            ^^^^^^^^
  File "C:\Users\dsfaccini\AppData\Local\Programs\Python\Python311\Lib\typing.py", line 1643, in __repr__
    return f'typing.Optional[{_type_repr(args[0])}]'
                              ^^^^^^^^^^^^^^^^^^^
  File "C:\Users\dsfaccini\AppData\Local\Programs\Python\Python311\Lib\typing.py", line 242, in _type_repr
    return repr(obj)
           ^^^^^^^^^
  File "C:\Users\dsfaccini\AppData\Local\Programs\Python\Python311\Lib\dataclasses.py", line 284, in __repr__
    return ('Field('
            ^^^^^^^^
  File "C:\Users\dsfaccini\AppData\Local\Programs\Python\Python311\Lib\typing.py", line 1643, in __repr__
    return f'typing.Optional[{_type_repr(args[0])}]'
                              ^^^^^^^^^^^^^^^^^^^
  File "C:\Users\dsfaccini\AppData\Local\Programs\Python\Python311\Lib\typing.py", line 242, in _type_repr
    return repr(obj)
           ^^^^^^^^^
  File "C:\Users\dsfaccini\AppData\Local\Programs\Python\Python311\Lib\dataclasses.py", line 284, in __repr__
    return ('Field('
            ^^^^^^^^
  File "C:\Users\dsfaccini\AppData\Local\Programs\Python\Python311\Lib\typing.py", line 1643, in __repr__
    return f'typing.Optional[{_type_repr(args[0])}]'
                              ^^^^^^^^^^^^^^^^^^^
  File "C:\Users\dsfaccini\AppData\Local\Programs\Python\Python311\Lib\typing.py", line 242, in _type_repr
    return repr(obj)
           ^^^^^^^^^
  File "C:\Users\dsfaccini\AppData\Local\Programs\Python\Python311\Lib\dataclasses.py", line 284, in __repr__
    return ('Field('
            ^^^^^^^^
  File "C:\Users\dsfaccini\AppData\Local\Programs\Python\Python311\Lib\typing.py", line 1643, in __repr__
    return f'typing.Optional[{_type_repr(args[0])}]'
                              ^^^^^^^^^^^^^^^^^^^
  File "C:\Users\dsfaccini\AppData\Local\Programs\Python\Python311\Lib\typing.py", line 242, in _type_repr
    return repr(obj)
           ^^^^^^^^^
  File "C:\Users\dsfaccini\AppData\Local\Programs\Python\Python311\Lib\dataclasses.py", line 284, in __repr__
    return ('Field('
            ^^^^^^^^
  File "C:\Users\dsfaccini\AppData\Local\Programs\Python\Python311\Lib\typing.py", line 1643, in __repr__
    return f'typing.Optional[{_type_repr(args[0])}]'
                              ^^^^^^^^^^^^^^^^^^^
  File "C:\Users\dsfaccini\AppData\Local\Programs\Python\Python311\Lib\typing.py", line 242, in _type_repr
    return repr(obj)
           ^^^^^^^^^
  File "C:\Users\dsfaccini\AppData\Local\Programs\Python\Python311\Lib\dataclasses.py", line 284, in __repr__
    return ('Field('
            ^^^^^^^^
  File "C:\Users\dsfaccini\AppData\Local\Programs\Python\Python311\Lib\typing.py", line 1643, in __repr__
    return f'typing.Optional[{_type_repr(args[0])}]'
                              ^^^^^^^^^^^^^^^^^^^
  File "C:\Users\dsfaccini\AppData\Local\Programs\Python\Python311\Lib\typing.py", line 242, in _type_repr
    return repr(obj)
           ^^^^^^^^^
  File "C:\Users\dsfaccini\AppData\Local\Programs\Python\Python311\Lib\dataclasses.py", line 284, in __repr__
    return ('Field('
            ^^^^^^^^
  File "C:\Users\dsfaccini\AppData\Local\Programs\Python\Python311\Lib\typing.py", line 1643, in __repr__
    return f'typing.Optional[{_type_repr(args[0])}]'
                              ^^^^^^^^^^^^^^^^^^^
  File "C:\Users\dsfaccini\AppData\Local\Programs\Python\Python311\Lib\typing.py", line 242, in _type_repr
    return repr(obj)
           ^^^^^^^^^
  File "C:\Users\dsfaccini\AppData\Local\Programs\Python\Python311\Lib\dataclasses.py", line 284, in __repr__
    return ('Field('
            ^^^^^^^^
  File "C:\Users\dsfaccini\AppData\Local\Programs\Python\Python311\Lib\typing.py", line 1643, in __repr__
    return f'typing.Optional[{_type_repr(args[0])}]'
                              ^^^^^^^^^^^^^^^^^^^
  File "C:\Users\dsfaccini\AppData\Local\Programs\Python\Python311\Lib\typing.py", line 242, in _type_repr
    return repr(obj)
           ^^^^^^^^^
  File "C:\Users\dsfaccini\AppData\Local\Programs\Python\Python311\Lib\dataclasses.py", line 284, in __repr__
    return ('Field('
            ^^^^^^^^
  File "C:\Users\dsfaccini\AppData\Local\Programs\Python\Python311\Lib\typing.py", line 1643, in __repr__
    return f'typing.Optional[{_type_repr(args[0])}]'
                              ^^^^^^^^^^^^^^^^^^^
  File "C:\Users\dsfaccini\AppData\Local\Programs\Python\Python311\Lib\typing.py", line 242, in _type_repr
    return repr(obj)
           ^^^^^^^^^
  File "C:\Users\dsfaccini\AppData\Local\Programs\Python\Python311\Lib\dataclasses.py", line 284, in __repr__
    return ('Field('
            ^^^^^^^^
  File "C:\Users\dsfaccini\AppData\Local\Programs\Python\Python311\Lib\typing.py", line 1643, in __repr__
    return f'typing.Optional[{_type_repr(args[0])}]'
                              ^^^^^^^^^^^^^^^^^^^
  File "C:\Users\dsfaccini\AppData\Local\Programs\Python\Python311\Lib\typing.py", line 242, in _type_repr
    return repr(obj)
           ^^^^^^^^^
  File "C:\Users\dsfaccini\AppData\Local\Programs\Python\Python311\Lib\dataclasses.py", line 284, in __repr__
    return ('Field('
            ^^^^^^^^
  File "C:\Users\dsfaccini\AppData\Local\Programs\Python\Python311\Lib\typing.py", line 1643, in __repr__
    return f'typing.Optional[{_type_repr(args[0])}]'
                              ^^^^^^^^^^^^^^^^^^^
  File "C:\Users\dsfaccini\AppData\Local\Programs\Python\Python311\Lib\typing.py", line 242, in _type_repr
    return repr(obj)
           ^^^^^^^^^
  File "C:\Users\dsfaccini\AppData\Local\Programs\Python\Python311\Lib\dataclasses.py", line 284, in __repr__
    return ('Field('
            ^^^^^^^^
  File "C:\Users\dsfaccini\AppData\Local\Programs\Python\Python311\Lib\typing.py", line 1643, in __repr__
    return f'typing.Optional[{_type_repr(args[0])}]'
                              ^^^^^^^^^^^^^^^^^^^
  File "C:\Users\dsfaccini\AppData\Local\Programs\Python\Python311\Lib\typing.py", line 242, in _type_repr
    return repr(obj)
           ^^^^^^^^^
  File "C:\Users\dsfaccini\AppData\Local\Programs\Python\Python311\Lib\dataclasses.py", line 284, in __repr__
    return ('Field('
            ^^^^^^^^
  File "C:\Users\dsfaccini\AppData\Local\Programs\Python\Python311\Lib\typing.py", line 1643, in __repr__
    return f'typing.Optional[{_type_repr(args[0])}]'
                              ^^^^^^^^^^^^^^^^^^^
  File "C:\Users\dsfaccini\AppData\Local\Programs\Python\Python311\Lib\typing.py", line 242, in _type_repr
    return repr(obj)
           ^^^^^^^^^
  File "C:\Users\dsfaccini\AppData\Local\Programs\Python\Python311\Lib\dataclasses.py", line 284, in __repr__
    return ('Field('
            ^^^^^^^^
  File "C:\Users\dsfaccini\AppData\Local\Programs\Python\Python311\Lib\typing.py", line 1643, in __repr__
    return f'typing.Optional[{_type_repr(args[0])}]'
                              ^^^^^^^^^^^^^^^^^^^
  File "C:\Users\dsfaccini\AppData\Local\Programs\Python\Python311\Lib\typing.py", line 242, in _type_repr
    return repr(obj)
           ^^^^^^^^^
  File "C:\Users\dsfaccini\AppData\Local\Programs\Python\Python311\Lib\dataclasses.py", line 284, in __repr__
    return ('Field('
            ^^^^^^^^
  File "C:\Users\dsfaccini\AppData\Local\Programs\Python\Python311\Lib\typing.py", line 1643, in __repr__
    return f'typing.Optional[{_type_repr(args[0])}]'
                              ^^^^^^^^^^^^^^^^^^^
  File "C:\Users\dsfaccini\AppData\Local\Programs\Python\Python311\Lib\typing.py", line 242, in _type_repr
    return repr(obj)
           ^^^^^^^^^
  File "C:\Users\dsfaccini\AppData\Local\Programs\Python\Python311\Lib\dataclasses.py", line 284, in __repr__
    return ('Field('
            ^^^^^^^^
  File "C:\Users\dsfaccini\AppData\Local\Programs\Python\Python311\Lib\typing.py", line 1643, in __repr__
    return f'typing.Optional[{_type_repr(args[0])}]'
                              ^^^^^^^^^^^^^^^^^^^
  File "C:\Users\dsfaccini\AppData\Local\Programs\Python\Python311\Lib\typing.py", line 242, in _type_repr
    return repr(obj)
           ^^^^^^^^^
  File "C:\Users\dsfaccini\AppData\Local\Programs\Python\Python311\Lib\dataclasses.py", line 284, in __repr__
    return ('Field('
            ^^^^^^^^
  File "C:\Users\dsfaccini\AppData\Local\Programs\Python\Python311\Lib\typing.py", line 1643, in __repr__
    return f'typing.Optional[{_type_repr(args[0])}]'
                              ^^^^^^^^^^^^^^^^^^^
  File "C:\Users\dsfaccini\AppData\Local\Programs\Python\Python311\Lib\typing.py", line 242, in _type_repr
    return repr(obj)
           ^^^^^^^^^
  File "C:\Users\dsfaccini\AppData\Local\Programs\Python\Python311\Lib\dataclasses.py", line 284, in __repr__
    return ('Field('
            ^^^^^^^^
  File "C:\Users\dsfaccini\AppData\Local\Programs\Python\Python311\Lib\typing.py", line 1643, in __repr__
    return f'typing.Optional[{_type_repr(args[0])}]'
                              ^^^^^^^^^^^^^^^^^^^
  File "C:\Users\dsfaccini\AppData\Local\Programs\Python\Python311\Lib\typing.py", line 242, in _type_repr
    return repr(obj)
           ^^^^^^^^^
  File "C:\Users\dsfaccini\AppData\Local\Programs\Python\Python311\Lib\dataclasses.py", line 284, in __repr__
    return ('Field('
            ^^^^^^^^
  File "C:\Users\dsfaccini\AppData\Local\Programs\Python\Python311\Lib\typing.py", line 1643, in __repr__
    return f'typing.Optional[{_type_repr(args[0])}]'
                              ^^^^^^^^^^^^^^^^^^^
  File "C:\Users\dsfaccini\AppData\Local\Programs\Python\Python311\Lib\typing.py", line 242, in _type_repr
    return repr(obj)
           ^^^^^^^^^
  File "C:\Users\dsfaccini\AppData\Local\Programs\Python\Python311\Lib\dataclasses.py", line 284, in __repr__
    return ('Field('
            ^^^^^^^^
  File "C:\Users\dsfaccini\AppData\Local\Programs\Python\Python311\Lib\typing.py", line 1643, in __repr__
    return f'typing.Optional[{_type_repr(args[0])}]'
                              ^^^^^^^^^^^^^^^^^^^
  File "C:\Users\dsfaccini\AppData\Local\Programs\Python\Python311\Lib\typing.py", line 242, in _type_repr
    return repr(obj)
           ^^^^^^^^^
  File "C:\Users\dsfaccini\AppData\Local\Programs\Python\Python311\Lib\dataclasses.py", line 284, in __repr__
    return ('Field('
            ^^^^^^^^
  File "C:\Users\dsfaccini\AppData\Local\Programs\Python\Python311\Lib\typing.py", line 1643, in __repr__
    return f'typing.Optional[{_type_repr(args[0])}]'
                              ^^^^^^^^^^^^^^^^^^^
  File "C:\Users\dsfaccini\AppData\Local\Programs\Python\Python311\Lib\typing.py", line 242, in _type_repr
    return repr(obj)
           ^^^^^^^^^
  File "C:\Users\dsfaccini\AppData\Local\Programs\Python\Python311\Lib\dataclasses.py", line 284, in __repr__
    return ('Field('
            ^^^^^^^^
  File "C:\Users\dsfaccini\AppData\Local\Programs\Python\Python311\Lib\typing.py", line 1643, in __repr__
    return f'typing.Optional[{_type_repr(args[0])}]'
                              ^^^^^^^^^^^^^^^^^^^
  File "C:\Users\dsfaccini\AppData\Local\Programs\Python\Python311\Lib\typing.py", line 242, in _type_repr
    return repr(obj)
           ^^^^^^^^^
  File "C:\Users\dsfaccini\AppData\Local\Programs\Python\Python311\Lib\dataclasses.py", line 284, in __repr__
    return ('Field('
            ^^^^^^^^
  File "C:\Users\dsfaccini\AppData\Local\Programs\Python\Python311\Lib\typing.py", line 1643, in __repr__
    return f'typing.Optional[{_type_repr(args[0])}]'
                              ^^^^^^^^^^^^^^^^^^^
  File "C:\Users\dsfaccini\AppData\Local\Programs\Python\Python311\Lib\typing.py", line 242, in _type_repr
    return repr(obj)
           ^^^^^^^^^
  File "C:\Users\dsfaccini\AppData\Local\Programs\Python\Python311\Lib\dataclasses.py", line 284, in __repr__
    return ('Field('
            ^^^^^^^^
  File "C:\Users\dsfaccini\AppData\Local\Programs\Python\Python311\Lib\typing.py", line 1643, in __repr__
    return f'typing.Optional[{_type_repr(args[0])}]'
                              ^^^^^^^^^^^^^^^^^^^
  File "C:\Users\dsfaccini\AppData\Local\Programs\Python\Python311\Lib\typing.py", line 242, in _type_repr
    return repr(obj)
           ^^^^^^^^^
  File "C:\Users\dsfaccini\AppData\Local\Programs\Python\Python311\Lib\dataclasses.py", line 284, in __repr__
    return ('Field('
            ^^^^^^^^
  File "C:\Users\dsfaccini\AppData\Local\Programs\Python\Python311\Lib\typing.py", line 1643, in __repr__
    return f'typing.Optional[{_type_repr(args[0])}]'
                              ^^^^^^^^^^^^^^^^^^^
  File "C:\Users\dsfaccini\AppData\Local\Programs\Python\Python311\Lib\typing.py", line 242, in _type_repr
    return repr(obj)
           ^^^^^^^^^
  File "C:\Users\dsfaccini\AppData\Local\Programs\Python\Python311\Lib\dataclasses.py", line 284, in __repr__
    return ('Field('
            ^^^^^^^^
  File "C:\Users\dsfaccini\AppData\Local\Programs\Python\Python311\Lib\typing.py", line 1643, in __repr__
    return f'typing.Optional[{_type_repr(args[0])}]'
                              ^^^^^^^^^^^^^^^^^^^
  File "C:\Users\dsfaccini\AppData\Local\Programs\Python\Python311\Lib\typing.py", line 242, in _type_repr
    return repr(obj)
           ^^^^^^^^^
  File "C:\Users\dsfaccini\AppData\Local\Programs\Python\Python311\Lib\dataclasses.py", line 284, in __repr__
    return ('Field('
            ^^^^^^^^
  File "C:\Users\dsfaccini\AppData\Local\Programs\Python\Python311\Lib\typing.py", line 1643, in __repr__
    return f'typing.Optional[{_type_repr(args[0])}]'
                              ^^^^^^^^^^^^^^^^^^^
  File "C:\Users\dsfaccini\AppData\Local\Programs\Python\Python311\Lib\typing.py", line 242, in _type_repr
    return repr(obj)
           ^^^^^^^^^
  File "C:\Users\dsfaccini\AppData\Local\Programs\Python\Python311\Lib\dataclasses.py", line 284, in __repr__
    return ('Field('
            ^^^^^^^^
  File "C:\Users\dsfaccini\AppData\Local\Programs\Python\Python311\Lib\typing.py", line 1643, in __repr__
    return f'typing.Optional[{_type_repr(args[0])}]'
                              ^^^^^^^^^^^^^^^^^^^
  File "C:\Users\dsfaccini\AppData\Local\Programs\Python\Python311\Lib\typing.py", line 242, in _type_repr
    return repr(obj)
           ^^^^^^^^^
  File "C:\Users\dsfaccini\AppData\Local\Programs\Python\Python311\Lib\dataclasses.py", line 284, in __repr__
    return ('Field('
            ^^^^^^^^
  File "C:\Users\dsfaccini\AppData\Local\Programs\Python\Python311\Lib\typing.py", line 1643, in __repr__
    return f'typing.Optional[{_type_repr(args[0])}]'
                              ^^^^^^^^^^^^^^^^^^^
  File "C:\Users\dsfaccini\AppData\Local\Programs\Python\Python311\Lib\typing.py", line 242, in _type_repr
    return repr(obj)
           ^^^^^^^^^
  File "C:\Users\dsfaccini\AppData\Local\Programs\Python\Python311\Lib\dataclasses.py", line 284, in __repr__
    return ('Field('
            ^^^^^^^^
  File "C:\Users\dsfaccini\AppData\Local\Programs\Python\Python311\Lib\typing.py", line 1643, in __repr__
    return f'typing.Optional[{_type_repr(args[0])}]'
                              ^^^^^^^^^^^^^^^^^^^
  File "C:\Users\dsfaccini\AppData\Local\Programs\Python\Python311\Lib\typing.py", line 242, in _type_repr
    return repr(obj)
           ^^^^^^^^^
  File "C:\Users\dsfaccini\AppData\Local\Programs\Python\Python311\Lib\dataclasses.py", line 284, in __repr__
    return ('Field('
            ^^^^^^^^
  File "C:\Users\dsfaccini\AppData\Local\Programs\Python\Python311\Lib\typing.py", line 1643, in __repr__
    return f'typing.Optional[{_type_repr(args[0])}]'
                              ^^^^^^^^^^^^^^^^^^^
  File "C:\Users\dsfaccini\AppData\Local\Programs\Python\Python311\Lib\typing.py", line 242, in _type_repr
    return repr(obj)
           ^^^^^^^^^
  File "C:\Users\dsfaccini\AppData\Local\Programs\Python\Python311\Lib\dataclasses.py", line 284, in __repr__
    return ('Field('
            ^^^^^^^^
  File "C:\Users\dsfaccini\AppData\Local\Programs\Python\Python311\Lib\typing.py", line 1643, in __repr__
    return f'typing.Optional[{_type_repr(args[0])}]'
                              ^^^^^^^^^^^^^^^^^^^
  File "C:\Users\dsfaccini\AppData\Local\Programs\Python\Python311\Lib\typing.py", line 242, in _type_repr
    return repr(obj)
           ^^^^^^^^^
  File "C:\Users\dsfaccini\AppData\Local\Programs\Python\Python311\Lib\dataclasses.py", line 284, in __repr__
    return ('Field('
            ^^^^^^^^
  File "C:\Users\dsfaccini\AppData\Local\Programs\Python\Python311\Lib\typing.py", line 1643, in __repr__
    return f'typing.Optional[{_type_repr(args[0])}]'
                              ^^^^^^^^^^^^^^^^^^^
  File "C:\Users\dsfaccini\AppData\Local\Programs\Python\Python311\Lib\typing.py", line 242, in _type_repr
    return repr(obj)
           ^^^^^^^^^
  File "C:\Users\dsfaccini\AppData\Local\Programs\Python\Python311\Lib\dataclasses.py", line 284, in __repr__
    return ('Field('
            ^^^^^^^^
  File "C:\Users\dsfaccini\AppData\Local\Programs\Python\Python311\Lib\typing.py", line 1643, in __repr__
    return f'typing.Optional[{_type_repr(args[0])}]'
                              ^^^^^^^^^^^^^^^^^^^
  File "C:\Users\dsfaccini\AppData\Local\Programs\Python\Python311\Lib\typing.py", line 242, in _type_repr
    return repr(obj)
           ^^^^^^^^^
  File "C:\Users\dsfaccini\AppData\Local\Programs\Python\Python311\Lib\dataclasses.py", line 284, in __repr__
    return ('Field('
            ^^^^^^^^
  File "C:\Users\dsfaccini\AppData\Local\Programs\Python\Python311\Lib\typing.py", line 1643, in __repr__
    return f'typing.Optional[{_type_repr(args[0])}]'
                              ^^^^^^^^^^^^^^^^^^^
  File "C:\Users\dsfaccini\AppData\Local\Programs\Python\Python311\Lib\typing.py", line 242, in _type_repr
    return repr(obj)
           ^^^^^^^^^
  File "C:\Users\dsfaccini\AppData\Local\Programs\Python\Python311\Lib\dataclasses.py", line 284, in __repr__
    return ('Field('
            ^^^^^^^^
  File "C:\Users\dsfaccini\AppData\Local\Programs\Python\Python311\Lib\typing.py", line 1643, in __repr__
    return f'typing.Optional[{_type_repr(args[0])}]'
                              ^^^^^^^^^^^^^^^^^^^
  File "C:\Users\dsfaccini\AppData\Local\Programs\Python\Python311\Lib\typing.py", line 242, in _type_repr
    return repr(obj)
           ^^^^^^^^^
  File "C:\Users\dsfaccini\AppData\Local\Programs\Python\Python311\Lib\dataclasses.py", line 284, in __repr__
    return ('Field('
            ^^^^^^^^
  File "C:\Users\dsfaccini\AppData\Local\Programs\Python\Python311\Lib\typing.py", line 1643, in __repr__
    return f'typing.Optional[{_type_repr(args[0])}]'
                              ^^^^^^^^^^^^^^^^^^^
  File "C:\Users\dsfaccini\AppData\Local\Programs\Python\Python311\Lib\typing.py", line 242, in _type_repr
    return repr(obj)
           ^^^^^^^^^
  File "C:\Users\dsfaccini\AppData\Local\Programs\Python\Python311\Lib\dataclasses.py", line 284, in __repr__
    return ('Field('
            ^^^^^^^^
  File "C:\Users\dsfaccini\AppData\Local\Programs\Python\Python311\Lib\typing.py", line 1643, in __repr__
    return f'typing.Optional[{_type_repr(args[0])}]'
                              ^^^^^^^^^^^^^^^^^^^
  File "C:\Users\dsfaccini\AppData\Local\Programs\Python\Python311\Lib\typing.py", line 242, in _type_repr
    return repr(obj)
           ^^^^^^^^^
  File "C:\Users\dsfaccini\AppData\Local\Programs\Python\Python311\Lib\dataclasses.py", line 284, in __repr__
    return ('Field('
            ^^^^^^^^
  File "C:\Users\dsfaccini\AppData\Local\Programs\Python\Python311\Lib\typing.py", line 1643, in __repr__
    return f'typing.Optional[{_type_repr(args[0])}]'
                              ^^^^^^^^^^^^^^^^^^^
  File "C:\Users\dsfaccini\AppData\Local\Programs\Python\Python311\Lib\typing.py", line 242, in _type_repr
    return repr(obj)
           ^^^^^^^^^
  File "C:\Users\dsfaccini\AppData\Local\Programs\Python\Python311\Lib\dataclasses.py", line 284, in __repr__
    return ('Field('
            ^^^^^^^^
  File "C:\Users\dsfaccini\AppData\Local\Programs\Python\Python311\Lib\typing.py", line 1643, in __repr__
    return f'typing.Optional[{_type_repr(args[0])}]'
                              ^^^^^^^^^^^^^^^^^^^
  File "C:\Users\dsfaccini\AppData\Local\Programs\Python\Python311\Lib\typing.py", line 242, in _type_repr
    return repr(obj)
           ^^^^^^^^^
  File "C:\Users\dsfaccini\AppData\Local\Programs\Python\Python311\Lib\dataclasses.py", line 284, in __repr__
    return ('Field('
            ^^^^^^^^
  File "C:\Users\dsfaccini\AppData\Local\Programs\Python\Python311\Lib\typing.py", line 1643, in __repr__
    return f'typing.Optional[{_type_repr(args[0])}]'
                              ^^^^^^^^^^^^^^^^^^^
  File "C:\Users\dsfaccini\AppData\Local\Programs\Python\Python311\Lib\typing.py", line 242, in _type_repr
    return repr(obj)
           ^^^^^^^^^
  File "C:\Users\dsfaccini\AppData\Local\Programs\Python\Python311\Lib\dataclasses.py", line 284, in __repr__
    return ('Field('
            ^^^^^^^^
  File "C:\Users\dsfaccini\AppData\Local\Programs\Python\Python311\Lib\typing.py", line 1643, in __repr__
    return f'typing.Optional[{_type_repr(args[0])}]'
                              ^^^^^^^^^^^^^^^^^^^
  File "C:\Users\dsfaccini\AppData\Local\Programs\Python\Python311\Lib\typing.py", line 242, in _type_repr
    return repr(obj)
           ^^^^^^^^^
  File "C:\Users\dsfaccini\AppData\Local\Programs\Python\Python311\Lib\dataclasses.py", line 284, in __repr__
    return ('Field('
            ^^^^^^^^
  File "C:\Users\dsfaccini\AppData\Local\Programs\Python\Python311\Lib\typing.py", line 1643, in __repr__
    return f'typing.Optional[{_type_repr(args[0])}]'
                              ^^^^^^^^^^^^^^^^^^^
  File "C:\Users\dsfaccini\AppData\Local\Programs\Python\Python311\Lib\typing.py", line 242, in _type_repr
    return repr(obj)
           ^^^^^^^^^
  File "C:\Users\dsfaccini\AppData\Local\Programs\Python\Python311\Lib\dataclasses.py", line 284, in __repr__
    return ('Field('
            ^^^^^^^^
  File "C:\Users\dsfaccini\AppData\Local\Programs\Python\Python311\Lib\typing.py", line 1643, in __repr__
    return f'typing.Optional[{_type_repr(args[0])}]'
                              ^^^^^^^^^^^^^^^^^^^
  File "C:\Users\dsfaccini\AppData\Local\Programs\Python\Python311\Lib\typing.py", line 242, in _type_repr
    return repr(obj)
           ^^^^^^^^^
  File "C:\Users\dsfaccini\AppData\Local\Programs\Python\Python311\Lib\dataclasses.py", line 284, in __repr__
    return ('Field('
            ^^^^^^^^
  File "C:\Users\dsfaccini\AppData\Local\Programs\Python\Python311\Lib\typing.py", line 1643, in __repr__
    return f'typing.Optional[{_type_repr(args[0])}]'
                              ^^^^^^^^^^^^^^^^^^^
  File "C:\Users\dsfaccini\AppData\Local\Programs\Python\Python311\Lib\typing.py", line 242, in _type_repr
    return repr(obj)
           ^^^^^^^^^
  File "C:\Users\dsfaccini\AppData\Local\Programs\Python\Python311\Lib\dataclasses.py", line 284, in __repr__
    return ('Field('
            ^^^^^^^^
  File "C:\Users\dsfaccini\AppData\Local\Programs\Python\Python311\Lib\typing.py", line 1643, in __repr__
    return f'typing.Optional[{_type_repr(args[0])}]'
                              ^^^^^^^^^^^^^^^^^^^
  File "C:\Users\dsfaccini\AppData\Local\Programs\Python\Python311\Lib\typing.py", line 242, in _type_repr
    return repr(obj)
           ^^^^^^^^^
  File "C:\Users\dsfaccini\AppData\Local\Programs\Python\Python311\Lib\dataclasses.py", line 284, in __repr__
    return ('Field('
            ^^^^^^^^
  File "C:\Users\dsfaccini\AppData\Local\Programs\Python\Python311\Lib\typing.py", line 1643, in __repr__
    return f'typing.Optional[{_type_repr(args[0])}]'
                              ^^^^^^^^^^^^^^^^^^^
  File "C:\Users\dsfaccini\AppData\Local\Programs\Python\Python311\Lib\typing.py", line 242, in _type_repr
    return repr(obj)
           ^^^^^^^^^
  File "C:\Users\dsfaccini\AppData\Local\Programs\Python\Python311\Lib\dataclasses.py", line 284, in __repr__
    return ('Field('
            ^^^^^^^^
  File "C:\Users\dsfaccini\AppData\Local\Programs\Python\Python311\Lib\typing.py", line 1643, in __repr__
    return f'typing.Optional[{_type_repr(args[0])}]'
                              ^^^^^^^^^^^^^^^^^^^
  File "C:\Users\dsfaccini\AppData\Local\Programs\Python\Python311\Lib\typing.py", line 242, in _type_repr
    return repr(obj)
           ^^^^^^^^^
  File "C:\Users\dsfaccini\AppData\Local\Programs\Python\Python311\Lib\dataclasses.py", line 284, in __repr__
    return ('Field('
            ^^^^^^^^
  File "C:\Users\dsfaccini\AppData\Local\Programs\Python\Python311\Lib\typing.py", line 1643, in __repr__
    return f'typing.Optional[{_type_repr(args[0])}]'
                              ^^^^^^^^^^^^^^^^^^^
  File "C:\Users\dsfaccini\AppData\Local\Programs\Python\Python311\Lib\typing.py", line 242, in _type_repr
    return repr(obj)
           ^^^^^^^^^
  File "C:\Users\dsfaccini\AppData\Local\Programs\Python\Python311\Lib\dataclasses.py", line 284, in __repr__
    return ('Field('
            ^^^^^^^^
  File "C:\Users\dsfaccini\AppData\Local\Programs\Python\Python311\Lib\typing.py", line 1643, in __repr__
    return f'typing.Optional[{_type_repr(args[0])}]'
                              ^^^^^^^^^^^^^^^^^^^
  File "C:\Users\dsfaccini\AppData\Local\Programs\Python\Python311\Lib\typing.py", line 242, in _type_repr
    return repr(obj)
           ^^^^^^^^^
  File "C:\Users\dsfaccini\AppData\Local\Programs\Python\Python311\Lib\dataclasses.py", line 284, in __repr__
    return ('Field('
            ^^^^^^^^
  File "C:\Users\dsfaccini\AppData\Local\Programs\Python\Python311\Lib\typing.py", line 1643, in __repr__
    return f'typing.Optional[{_type_repr(args[0])}]'
                              ^^^^^^^^^^^^^^^^^^^
  File "C:\Users\dsfaccini\AppData\Local\Programs\Python\Python311\Lib\typing.py", line 242, in _type_repr
    return repr(obj)
           ^^^^^^^^^
  File "C:\Users\dsfaccini\AppData\Local\Programs\Python\Python311\Lib\dataclasses.py", line 284, in __repr__
    return ('Field('
            ^^^^^^^^
  File "C:\Users\dsfaccini\AppData\Local\Programs\Python\Python311\Lib\typing.py", line 1643, in __repr__
    return f'typing.Optional[{_type_repr(args[0])}]'
                              ^^^^^^^^^^^^^^^^^^^
  File "C:\Users\dsfaccini\AppData\Local\Programs\Python\Python311\Lib\typing.py", line 242, in _type_repr
    return repr(obj)
           ^^^^^^^^^
  File "C:\Users\dsfaccini\AppData\Local\Programs\Python\Python311\Lib\dataclasses.py", line 284, in __repr__
    return ('Field('
            ^^^^^^^^
  File "C:\Users\dsfaccini\AppData\Local\Programs\Python\Python311\Lib\typing.py", line 1643, in __repr__
    return f'typing.Optional[{_type_repr(args[0])}]'
                              ^^^^^^^^^^^^^^^^^^^
  File "C:\Users\dsfaccini\AppData\Local\Programs\Python\Python311\Lib\typing.py", line 242, in _type_repr
    return repr(obj)
           ^^^^^^^^^
  File "C:\Users\dsfaccini\AppData\Local\Programs\Python\Python311\Lib\dataclasses.py", line 284, in __repr__
    return ('Field('
            ^^^^^^^^
  File "C:\Users\dsfaccini\AppData\Local\Programs\Python\Python311\Lib\typing.py", line 1643, in __repr__
    return f'typing.Optional[{_type_repr(args[0])}]'
                              ^^^^^^^^^^^^^^^^^^^
  File "C:\Users\dsfaccini\AppData\Local\Programs\Python\Python311\Lib\typing.py", line 242, in _type_repr
    return repr(obj)
           ^^^^^^^^^
  File "C:\Users\dsfaccini\AppData\Local\Programs\Python\Python311\Lib\dataclasses.py", line 284, in __repr__
    return ('Field('
            ^^^^^^^^
  File "C:\Users\dsfaccini\AppData\Local\Programs\Python\Python311\Lib\typing.py", line 1643, in __repr__
    return f'typing.Optional[{_type_repr(args[0])}]'
                              ^^^^^^^^^^^^^^^^^^^
  File "C:\Users\dsfaccini\AppData\Local\Programs\Python\Python311\Lib\typing.py", line 242, in _type_repr
    return repr(obj)
           ^^^^^^^^^
  File "C:\Users\dsfaccini\AppData\Local\Programs\Python\Python311\Lib\dataclasses.py", line 284, in __repr__
    return ('Field('
            ^^^^^^^^
  File "C:\Users\dsfaccini\AppData\Local\Programs\Python\Python311\Lib\typing.py", line 1643, in __repr__
    return f'typing.Optional[{_type_repr(args[0])}]'
                              ^^^^^^^^^^^^^^^^^^^
  File "C:\Users\dsfaccini\AppData\Local\Programs\Python\Python311\Lib\typing.py", line 242, in _type_repr
    return repr(obj)
           ^^^^^^^^^
  File "C:\Users\dsfaccini\AppData\Local\Programs\Python\Python311\Lib\dataclasses.py", line 284, in __repr__
    return ('Field('
            ^^^^^^^^
  File "C:\Users\dsfaccini\AppData\Local\Programs\Python\Python311\Lib\typing.py", line 1643, in __repr__
    return f'typing.Optional[{_type_repr(args[0])}]'
                              ^^^^^^^^^^^^^^^^^^^
  File "C:\Users\dsfaccini\AppData\Local\Programs\Python\Python311\Lib\typing.py", line 242, in _type_repr
    return repr(obj)
           ^^^^^^^^^
  File "C:\Users\dsfaccini\AppData\Local\Programs\Python\Python311\Lib\dataclasses.py", line 284, in __repr__
    return ('Field('
            ^^^^^^^^
  File "C:\Users\dsfaccini\AppData\Local\Programs\Python\Python311\Lib\typing.py", line 1643, in __repr__
    return f'typing.Optional[{_type_repr(args[0])}]'
                              ^^^^^^^^^^^^^^^^^^^
  File "C:\Users\dsfaccini\AppData\Local\Programs\Python\Python311\Lib\typing.py", line 242, in _type_repr
    return repr(obj)
           ^^^^^^^^^
  File "C:\Users\dsfaccini\AppData\Local\Programs\Python\Python311\Lib\dataclasses.py", line 284, in __repr__
    return ('Field('
            ^^^^^^^^
  File "C:\Users\dsfaccini\AppData\Local\Programs\Python\Python311\Lib\typing.py", line 1643, in __repr__
    return f'typing.Optional[{_type_repr(args[0])}]'
                              ^^^^^^^^^^^^^^^^^^^
  File "C:\Users\dsfaccini\AppData\Local\Programs\Python\Python311\Lib\typing.py", line 242, in _type_repr
    return repr(obj)
           ^^^^^^^^^
  File "C:\Users\dsfaccini\AppData\Local\Programs\Python\Python311\Lib\dataclasses.py", line 284, in __repr__
    return ('Field('
            ^^^^^^^^
  File "C:\Users\dsfaccini\AppData\Local\Programs\Python\Python311\Lib\typing.py", line 1643, in __repr__
    return f'typing.Optional[{_type_repr(args[0])}]'
                              ^^^^^^^^^^^^^^^^^^^
  File "C:\Users\dsfaccini\AppData\Local\Programs\Python\Python311\Lib\typing.py", line 242, in _type_repr
    return repr(obj)
           ^^^^^^^^^
  File "C:\Users\dsfaccini\AppData\Local\Programs\Python\Python311\Lib\dataclasses.py", line 284, in __repr__
    return ('Field('
            ^^^^^^^^
  File "C:\Users\dsfaccini\AppData\Local\Programs\Python\Python311\Lib\typing.py", line 1643, in __repr__
    return f'typing.Optional[{_type_repr(args[0])}]'
                              ^^^^^^^^^^^^^^^^^^^
  File "C:\Users\dsfaccini\AppData\Local\Programs\Python\Python311\Lib\typing.py", line 242, in _type_repr
    return repr(obj)
           ^^^^^^^^^
  File "C:\Users\dsfaccini\AppData\Local\Programs\Python\Python311\Lib\dataclasses.py", line 284, in __repr__
    return ('Field('
            ^^^^^^^^
  File "C:\Users\dsfaccini\AppData\Local\Programs\Python\Python311\Lib\typing.py", line 1643, in __repr__
    return f'typing.Optional[{_type_repr(args[0])}]'
                              ^^^^^^^^^^^^^^^^^^^
  File "C:\Users\dsfaccini\AppData\Local\Programs\Python\Python311\Lib\typing.py", line 242, in _type_repr
    return repr(obj)
           ^^^^^^^^^
  File "C:\Users\dsfaccini\AppData\Local\Programs\Python\Python311\Lib\dataclasses.py", line 284, in __repr__
    return ('Field('
            ^^^^^^^^
  File "C:\Users\dsfaccini\AppData\Local\Programs\Python\Python311\Lib\typing.py", line 1643, in __repr__
    return f'typing.Optional[{_type_repr(args[0])}]'
                              ^^^^^^^^^^^^^^^^^^^
  File "C:\Users\dsfaccini\AppData\Local\Programs\Python\Python311\Lib\typing.py", line 242, in _type_repr
    return repr(obj)
           ^^^^^^^^^
  File "C:\Users\dsfaccini\AppData\Local\Programs\Python\Python311\Lib\dataclasses.py", line 284, in __repr__
    return ('Field('
            ^^^^^^^^
  File "C:\Users\dsfaccini\AppData\Local\Programs\Python\Python311\Lib\typing.py", line 1643, in __repr__
    return f'typing.Optional[{_type_repr(args[0])}]'
                              ^^^^^^^^^^^^^^^^^^^
  File "C:\Users\dsfaccini\AppData\Local\Programs\Python\Python311\Lib\typing.py", line 242, in _type_repr
    return repr(obj)
           ^^^^^^^^^
  File "C:\Users\dsfaccini\AppData\Local\Programs\Python\Python311\Lib\dataclasses.py", line 284, in __repr__
    return ('Field('
            ^^^^^^^^
  File "C:\Users\dsfaccini\AppData\Local\Programs\Python\Python311\Lib\typing.py", line 1643, in __repr__
    return f'typing.Optional[{_type_repr(args[0])}]'
                              ^^^^^^^^^^^^^^^^^^^
  File "C:\Users\dsfaccini\AppData\Local\Programs\Python\Python311\Lib\typing.py", line 242, in _type_repr
    return repr(obj)
           ^^^^^^^^^
  File "C:\Users\dsfaccini\AppData\Local\Programs\Python\Python311\Lib\dataclasses.py", line 284, in __repr__
    return ('Field('
            ^^^^^^^^
  File "C:\Users\dsfaccini\AppData\Local\Programs\Python\Python311\Lib\typing.py", line 1643, in __repr__
    return f'typing.Optional[{_type_repr(args[0])}]'
                              ^^^^^^^^^^^^^^^^^^^
  File "C:\Users\dsfaccini\AppData\Local\Programs\Python\Python311\Lib\typing.py", line 242, in _type_repr
    return repr(obj)
           ^^^^^^^^^
  File "C:\Users\dsfaccini\AppData\Local\Programs\Python\Python311\Lib\dataclasses.py", line 284, in __repr__
    return ('Field('
            ^^^^^^^^
  File "C:\Users\dsfaccini\AppData\Local\Programs\Python\Python311\Lib\typing.py", line 1643, in __repr__
    return f'typing.Optional[{_type_repr(args[0])}]'
                              ^^^^^^^^^^^^^^^^^^^
  File "C:\Users\dsfaccini\AppData\Local\Programs\Python\Python311\Lib\typing.py", line 242, in _type_repr
    return repr(obj)
           ^^^^^^^^^
  File "C:\Users\dsfaccini\AppData\Local\Programs\Python\Python311\Lib\dataclasses.py", line 284, in __repr__
    return ('Field('
            ^^^^^^^^
  File "C:\Users\dsfaccini\AppData\Local\Programs\Python\Python311\Lib\typing.py", line 1643, in __repr__
    return f'typing.Optional[{_type_repr(args[0])}]'
                              ^^^^^^^^^^^^^^^^^^^
  File "C:\Users\dsfaccini\AppData\Local\Programs\Python\Python311\Lib\typing.py", line 242, in _type_repr
    return repr(obj)
           ^^^^^^^^^
  File "C:\Users\dsfaccini\AppData\Local\Programs\Python\Python311\Lib\dataclasses.py", line 284, in __repr__
    return ('Field('
            ^^^^^^^^
  File "C:\Users\dsfaccini\AppData\Local\Programs\Python\Python311\Lib\typing.py", line 1643, in __repr__
    return f'typing.Optional[{_type_repr(args[0])}]'
                              ^^^^^^^^^^^^^^^^^^^
  File "C:\Users\dsfaccini\AppData\Local\Programs\Python\Python311\Lib\typing.py", line 242, in _type_repr
    return repr(obj)
           ^^^^^^^^^
  File "C:\Users\dsfaccini\AppData\Local\Programs\Python\Python311\Lib\dataclasses.py", line 284, in __repr__
    return ('Field('
            ^^^^^^^^
  File "C:\Users\dsfaccini\AppData\Local\Programs\Python\Python311\Lib\typing.py", line 1643, in __repr__
    return f'typing.Optional[{_type_repr(args[0])}]'
                              ^^^^^^^^^^^^^^^^^^^
  File "C:\Users\dsfaccini\AppData\Local\Programs\Python\Python311\Lib\typing.py", line 242, in _type_repr
    return repr(obj)
           ^^^^^^^^^
  File "C:\Users\dsfaccini\AppData\Local\Programs\Python\Python311\Lib\dataclasses.py", line 284, in __repr__
    return ('Field('
            ^^^^^^^^
  File "C:\Users\dsfaccini\AppData\Local\Programs\Python\Python311\Lib\typing.py", line 1643, in __repr__
    return f'typing.Optional[{_type_repr(args[0])}]'
                              ^^^^^^^^^^^^^^^^^^^
  File "C:\Users\dsfaccini\AppData\Local\Programs\Python\Python311\Lib\typing.py", line 242, in _type_repr
    return repr(obj)
           ^^^^^^^^^
  File "C:\Users\dsfaccini\AppData\Local\Programs\Python\Python311\Lib\dataclasses.py", line 284, in __repr__
    return ('Field('
            ^^^^^^^^
  File "C:\Users\dsfaccini\AppData\Local\Programs\Python\Python311\Lib\typing.py", line 1643, in __repr__
    return f'typing.Optional[{_type_repr(args[0])}]'
                              ^^^^^^^^^^^^^^^^^^^
  File "C:\Users\dsfaccini\AppData\Local\Programs\Python\Python311\Lib\typing.py", line 242, in _type_repr
    return repr(obj)
           ^^^^^^^^^
  File "C:\Users\dsfaccini\AppData\Local\Programs\Python\Python311\Lib\dataclasses.py", line 284, in __repr__
    return ('Field('
            ^^^^^^^^
  File "C:\Users\dsfaccini\AppData\Local\Programs\Python\Python311\Lib\typing.py", line 1643, in __repr__
    return f'typing.Optional[{_type_repr(args[0])}]'
                              ^^^^^^^^^^^^^^^^^^^
  File "C:\Users\dsfaccini\AppData\Local\Programs\Python\Python311\Lib\typing.py", line 242, in _type_repr
    return repr(obj)
           ^^^^^^^^^
  File "C:\Users\dsfaccini\AppData\Local\Programs\Python\Python311\Lib\dataclasses.py", line 284, in __repr__
    return ('Field('
            ^^^^^^^^
  File "C:\Users\dsfaccini\AppData\Local\Programs\Python\Python311\Lib\typing.py", line 1643, in __repr__
    return f'typing.Optional[{_type_repr(args[0])}]'
                              ^^^^^^^^^^^^^^^^^^^
  File "C:\Users\dsfaccini\AppData\Local\Programs\Python\Python311\Lib\typing.py", line 242, in _type_repr
    return repr(obj)
           ^^^^^^^^^
  File "C:\Users\dsfaccini\AppData\Local\Programs\Python\Python311\Lib\dataclasses.py", line 284, in __repr__
    return ('Field('
            ^^^^^^^^
  File "C:\Users\dsfaccini\AppData\Local\Programs\Python\Python311\Lib\typing.py", line 1643, in __repr__
    return f'typing.Optional[{_type_repr(args[0])}]'
                              ^^^^^^^^^^^^^^^^^^^
  File "C:\Users\dsfaccini\AppData\Local\Programs\Python\Python311\Lib\typing.py", line 242, in _type_repr
    return repr(obj)
           ^^^^^^^^^
  File "C:\Users\dsfaccini\AppData\Local\Programs\Python\Python311\Lib\dataclasses.py", line 284, in __repr__
    return ('Field('
            ^^^^^^^^
  File "C:\Users\dsfaccini\AppData\Local\Programs\Python\Python311\Lib\typing.py", line 1643, in __repr__
    return f'typing.Optional[{_type_repr(args[0])}]'
                              ^^^^^^^^^^^^^^^^^^^
  File "C:\Users\dsfaccini\AppData\Local\Programs\Python\Python311\Lib\typing.py", line 242, in _type_repr
    return repr(obj)
           ^^^^^^^^^
RecursionError: maximum recursion depth exceeded
